2025-04-04 07:43:08.534297 - Received SBGOLOB.CBT509.FILE312 from FILE312.XMI 
2025-04-04 07:43:08.538610 - Found $$$#DATE.txt (text/plain) in SBGOLOB.CBT509.FILE312, moved to PDS/$$$#DATE
2025-04-04 07:43:08.538763 - Found $DOC.txt (text/plain) in SBGOLOB.CBT509.FILE312, moved to PDS/$DOC
2025-04-04 07:43:08.538917 - Found @FILE312.txt (text/plain) in SBGOLOB.CBT509.FILE312, moved to PDS/@FILE312
2025-04-04 07:43:08.539044 - Found ADDCOMMA.rexx (text/plain) in SBGOLOB.CBT509.FILE312, moved to PDS/ADDCOMMA
2025-04-04 07:43:08.539169 - Found ALIGN.xmi (application/xmit) in SBGOLOB.CBT509.FILE312, moved to PDS/ALIGN.xmi
2025-04-04 07:43:08.573021 - Received SLBD.ALIGN.PDS from ALIGN.xmi 
2025-04-04 07:43:08.573487 - Found $README.txt (text/plain) in SLBD.ALIGN.PDS, moved to ALIGN/$README
2025-04-04 07:43:08.573673 - Found ALIGN.rexx (text/plain) in SLBD.ALIGN.PDS, moved to ALIGN/ALIGN
2025-04-04 07:43:08.573806 - Found TFLOW.rexx (text/plain) in SLBD.ALIGN.PDS, moved to ALIGN/TFLOW
2025-04-04 07:43:08.574205 - Found ALLOCGDG.rexx (text/plain) in SBGOLOB.CBT509.FILE312, moved to PDS/ALLOCGDG
2025-04-04 07:43:08.574415 - Found ALTLIBST.rexx (text/plain) in SBGOLOB.CBT509.FILE312, moved to PDS/ALTLIBST
2025-04-04 07:43:08.574566 - Found BACKDIR.xmi (application/xmit) in SBGOLOB.CBT509.FILE312, moved to PDS/BACKDIR.xmi
2025-04-04 07:43:08.616371 - Received T311LBD.BACKDIR.PDS from BACKDIR.xmi 
2025-04-04 07:43:08.616888 - Found $$README.txt (text/plain) in T311LBD.BACKDIR.PDS, moved to BACKDIR/$$README
2025-04-04 07:43:08.617024 - Found $DOC.txt (text/plain) in T311LBD.BACKDIR.PDS, moved to BACKDIR/$DOC
2025-04-04 07:43:08.617164 - Found BACKDIR.rexx (text/plain) in T311LBD.BACKDIR.PDS, moved to BACKDIR/BACKDIR
2025-04-04 07:43:08.617292 - Found BACKPARM.txt (text/plain) in T311LBD.BACKDIR.PDS, moved to BACKDIR/BACKPARM
2025-04-04 07:43:08.617685 - Found BISPFJCL.rexx (text/plain) in SBGOLOB.CBT509.FILE312, moved to PDS/BISPFJCL
2025-04-04 07:43:08.617817 - Found BODY.xmi (application/xmit) in SBGOLOB.CBT509.FILE312, moved to PDS/BODY.xmi
2025-04-04 07:43:08.642006 - Received SLBD.BODY.PDS from BODY.xmi 
2025-04-04 07:43:08.642426 - Found $README.txt (text/plain) in SLBD.BODY.PDS, moved to BODY/$README
2025-04-04 07:43:08.642562 - Found BODY.rexx (text/plain) in SLBD.BODY.PDS, moved to BODY/BODY
2025-04-04 07:43:08.642920 - Found CAVXTR$.txt (text/plain) in SBGOLOB.CBT509.FILE312, moved to PDS/CAVXTR$
2025-04-04 07:43:08.643048 - Found CAVXTR$$.txt (text/plain) in SBGOLOB.CBT509.FILE312, moved to PDS/CAVXTR$$
2025-04-04 07:43:08.643236 - Found CAVXTR#.pdf (application/pdf) in SBGOLOB.CBT509.FILE312, moved to docs/CAVXTR#.pdf
2025-04-04 07:43:08.643396 - Found CAVXTR@.doc (application/msword) in SBGOLOB.CBT509.FILE312, moved to docs/CAVXTR@.doc
2025-04-04 07:43:08.643588 - Found CAVXTRT.xmi (application/xmit) in SBGOLOB.CBT509.FILE312, moved to PDS/CAVXTRT.xmi
2025-04-04 07:43:08.748188 - Received SLBD1.CAVXTRT.PDS from CAVXTRT.xmi 
2025-04-04 07:43:08.748957 - Found $DOC.txt (text/plain) in SLBD1.CAVXTRT.PDS, moved to CAVXTRT/$DOC
2025-04-04 07:43:08.749105 - Found $INSTALL.txt (text/plain) in SLBD1.CAVXTRT.PDS, moved to CAVXTRT/$INSTALL
2025-04-04 07:43:08.749235 - Found $LISTJCL.txt (text/plain) in SLBD1.CAVXTRT.PDS, moved to CAVXTRT/$LISTJCL
2025-04-04 07:43:08.749362 - Found $MEMBERS.txt (text/plain) in SLBD1.CAVXTRT.PDS, moved to CAVXTRT/$MEMBERS
2025-04-04 07:43:08.749487 - Found $NOTES.txt (text/plain) in SLBD1.CAVXTRT.PDS, moved to CAVXTRT/$NOTES
2025-04-04 07:43:08.749602 - Found ANNSAMP.txt (text/plain) in SLBD1.CAVXTRT.PDS, moved to CAVXTRT/ANNSAMP
2025-04-04 07:43:08.749729 - Found CHANGES.txt (text/plain) in SLBD1.CAVXTRT.PDS, moved to CAVXTRT/CHANGES
2025-04-04 07:43:08.749887 - Found EXEC.xmi (application/xmit) in SLBD1.CAVXTRT.PDS, moved to CAVXTRT/EXEC.xmi
2025-04-04 07:43:08.808025 - Received SLBD1.CAVXTRT.EXEC from EXEC.xmi 
2025-04-04 07:43:08.808561 - Found CAVXTRT.rexx (text/plain) in SLBD1.CAVXTRT.EXEC, moved to CAVXTRT/EXEC/CAVXTRT
2025-04-04 07:43:08.808726 - Found CAVXTRTD.rexx (text/plain) in SLBD1.CAVXTRT.EXEC, moved to CAVXTRT/EXEC/CAVXTRTD
2025-04-04 07:43:08.808850 - Found TESTCAVX.rexx (text/plain) in SLBD1.CAVXTRT.EXEC, moved to CAVXTRT/EXEC/TESTCAVX
2025-04-04 07:43:08.809220 - Found LOGIC.txt (text/plain) in SLBD1.CAVXTRT.PDS, moved to CAVXTRT/LOGIC
2025-04-04 07:43:08.809360 - Found PANELS.xmi (application/xmit) in SLBD1.CAVXTRT.PDS, moved to CAVXTRT/PANELS.xmi
2025-04-04 07:43:08.920853 - Received SLBD1.CAVXTRT.PANELS from PANELS.xmi 
2025-04-04 07:43:08.921680 - Found CAVXTRT.txt (text/plain) in SLBD1.CAVXTRT.PANELS, moved to CAVXTRT/PANELS/CAVXTRT
2025-04-04 07:43:08.921822 - Found CAVXTRTD.txt (text/plain) in SLBD1.CAVXTRT.PANELS, moved to CAVXTRT/PANELS/CAVXTRTD
2025-04-04 07:43:08.921951 - Found CAVXTRTH.txt (text/plain) in SLBD1.CAVXTRT.PANELS, moved to CAVXTRT/PANELS/CAVXTRTH
2025-04-04 07:43:08.922080 - Found CAVXTRTL.txt (text/plain) in SLBD1.CAVXTRT.PANELS, moved to CAVXTRT/PANELS/CAVXTRTL
2025-04-04 07:43:08.922202 - Found CAVXTRTP.txt (text/plain) in SLBD1.CAVXTRT.PANELS, moved to CAVXTRT/PANELS/CAVXTRTP
2025-04-04 07:43:08.922321 - Found CAVXTRTS.txt (text/plain) in SLBD1.CAVXTRT.PANELS, moved to CAVXTRT/PANELS/CAVXTRTS
2025-04-04 07:43:08.922453 - Found CAVXTRTW.txt (text/plain) in SLBD1.CAVXTRT.PANELS, moved to CAVXTRT/PANELS/CAVXTRTW
2025-04-04 07:43:08.922569 - Found CAVXTRTX.txt (text/plain) in SLBD1.CAVXTRT.PANELS, moved to CAVXTRT/PANELS/CAVXTRTX
2025-04-04 07:43:08.922680 - Found CAVXTRT0.txt (text/plain) in SLBD1.CAVXTRT.PANELS, moved to CAVXTRT/PANELS/CAVXTRT0
2025-04-04 07:43:08.922788 - Found CAVXTRT1.txt (text/plain) in SLBD1.CAVXTRT.PANELS, moved to CAVXTRT/PANELS/CAVXTRT1
2025-04-04 07:43:08.922903 - Found CAVXTRT2.txt (text/plain) in SLBD1.CAVXTRT.PANELS, moved to CAVXTRT/PANELS/CAVXTRT2
2025-04-04 07:43:08.923018 - Found CAVXTRT3.txt (text/plain) in SLBD1.CAVXTRT.PANELS, moved to CAVXTRT/PANELS/CAVXTRT3
2025-04-04 07:43:08.923130 - Found CAVXTRT4.txt (text/plain) in SLBD1.CAVXTRT.PANELS, moved to CAVXTRT/PANELS/CAVXTRT4
2025-04-04 07:43:08.923239 - Found CAVXTRT5.txt (text/plain) in SLBD1.CAVXTRT.PANELS, moved to CAVXTRT/PANELS/CAVXTRT5
2025-04-04 07:43:08.923939 - Found RECEIVE.rexx (text/plain) in SLBD1.CAVXTRT.PDS, moved to CAVXTRT/RECEIVE
2025-04-04 07:43:08.924086 - Found TRYEXEC.rexx (text/plain) in SLBD1.CAVXTRT.PDS, moved to CAVXTRT/TRYEXEC
2025-04-04 07:43:08.924638 - Found CHGSTR.rexx (text/plain) in SBGOLOB.CBT509.FILE312, moved to PDS/CHGSTR
2025-04-04 07:43:08.924772 - Found CHKIKJ.xmi (application/xmit) in SBGOLOB.CBT509.FILE312, moved to PDS/CHKIKJ.xmi
2025-04-04 07:43:08.958672 - Received T311LBD.CHKIKJ.PDS from CHKIKJ.xmi 
2025-04-04 07:43:08.959144 - Found $DOC.txt (text/plain) in T311LBD.CHKIKJ.PDS, moved to CHKIKJ/$DOC
2025-04-04 07:43:08.959299 - Found CHKIKJ.rexx (text/plain) in T311LBD.CHKIKJ.PDS, moved to CHKIKJ/CHKIKJ
2025-04-04 07:43:08.959658 - Found CHKLPALK.rexx (text/plain) in SBGOLOB.CBT509.FILE312, moved to PDS/CHKLPALK
2025-04-04 07:43:08.959791 - Found CHKPDSE.rexx (text/plain) in SBGOLOB.CBT509.FILE312, moved to PDS/CHKPDSE
2025-04-04 07:43:08.959908 - Found CKAMNT.rexx (text/plain) in SBGOLOB.CBT509.FILE312, moved to PDS/CKAMNT
2025-04-04 07:43:08.960031 - Found CLONE.xmi (application/xmit) in SBGOLOB.CBT509.FILE312, moved to PDS/CLONE.xmi
2025-04-04 07:43:08.980883 - Received T311LBD.LIONEL.EXECFB from CLONE.xmi 
2025-04-04 07:43:08.981318 - Found CLONE.rexx (text/plain) in T311LBD.LIONEL.EXECFB, moved to CLONE/CLONE
2025-04-04 07:43:08.981635 - Found CMDS.txt (text/plain) in SBGOLOB.CBT509.FILE312, moved to PDS/CMDS
2025-04-04 07:43:08.981775 - Found CMDSRPT.rexx (text/plain) in SBGOLOB.CBT509.FILE312, moved to PDS/CMDSRPT
2025-04-04 07:43:08.981898 - Found CMDSRPTO.rexx (text/plain) in SBGOLOB.CBT509.FILE312, moved to PDS/CMDSRPTO
2025-04-04 07:43:08.982030 - Found CMT.rexx (text/plain) in SBGOLOB.CBT509.FILE312, moved to PDS/CMT
2025-04-04 07:43:08.982157 - Found COMPVTC$.txt (text/plain) in SBGOLOB.CBT509.FILE312, moved to PDS/COMPVTC$
2025-04-04 07:43:08.982279 - Found COMPVTOC.rexx (text/plain) in SBGOLOB.CBT509.FILE312, moved to PDS/COMPVTOC
2025-04-04 07:43:08.982399 - Found CONCATIT.xmi (application/xmit) in SBGOLOB.CBT509.FILE312, moved to PDS/CONCATIT.xmi
2025-04-04 07:43:09.039343 - Received SLBD.CONCATIT.PDS from CONCATIT.xmi 
2025-04-04 07:43:09.039826 - Found $README.txt (text/plain) in SLBD.CONCATIT.PDS, moved to CONCATIT/$README
2025-04-04 07:43:09.039962 - Found ALLOCADD.rexx (text/plain) in SLBD.CONCATIT.PDS, moved to CONCATIT/ALLOCADD
2025-04-04 07:43:09.040089 - Found CONCATIT.rexx (text/plain) in SLBD.CONCATIT.PDS, moved to CONCATIT/CONCATIT
2025-04-04 07:43:09.040211 - Found DEALLOC.rexx (text/plain) in SLBD.CONCATIT.PDS, moved to CONCATIT/DEALLOC
2025-04-04 07:43:09.040615 - Found CONS.rexx (text/plain) in SBGOLOB.CBT509.FILE312, moved to PDS/CONS
2025-04-04 07:43:09.040775 - Found COPYFB.rexx (text/plain) in SBGOLOB.CBT509.FILE312, moved to PDS/COPYFB
2025-04-04 07:43:09.040927 - Found CSVEDIT.xmi (application/xmit) in SBGOLOB.CBT509.FILE312, moved to PDS/CSVEDIT.xmi
2025-04-04 07:43:09.062686 - Received SYSLBD.CSVEDIT.PDS from CSVEDIT.xmi 
2025-04-04 07:43:09.063122 - Found $DOC.txt (text/plain) in SYSLBD.CSVEDIT.PDS, moved to CSVEDIT/$DOC
2025-04-04 07:43:09.063264 - Found EXEC.xmi (application/xmit) in SYSLBD.CSVEDIT.PDS, moved to CSVEDIT/EXEC.xmi
2025-04-04 07:43:09.082799 - Received SYSLBD.CSVEDIT.EXEC from EXEC.xmi 
2025-04-04 07:43:09.083283 - Found CSVEDIT.rexx (text/plain) in SYSLBD.CSVEDIT.EXEC, moved to CSVEDIT/EXEC/CSVEDIT
2025-04-04 07:43:09.083615 - Found PANELS.xmi (application/xmit) in SYSLBD.CSVEDIT.PDS, moved to CSVEDIT/PANELS.xmi
2025-04-04 07:43:09.103984 - Received SYSLBD.LIONEL.PANELS from PANELS.xmi 
2025-04-04 07:43:09.104396 - Found CSVEDIT.txt (text/plain) in SYSLBD.LIONEL.PANELS, moved to CSVEDIT/PANELS/CSVEDIT
2025-04-04 07:43:09.104530 - Found CSVEDITH.txt (text/plain) in SYSLBD.LIONEL.PANELS, moved to CSVEDIT/PANELS/CSVEDITH
2025-04-04 07:43:09.104855 - Found RECEIVE.rexx (text/plain) in SYSLBD.CSVEDIT.PDS, moved to CSVEDIT/RECEIVE
2025-04-04 07:43:09.105220 - Found CSVEDIT#.pdf (application/pdf) in SBGOLOB.CBT509.FILE312, moved to docs/CSVEDIT#.pdf
2025-04-04 07:43:09.105374 - Found CSVEDIT@.doc (application/msword) in SBGOLOB.CBT509.FILE312, moved to docs/CSVEDIT@.doc
2025-04-04 07:43:09.105521 - Found CUTPASTE.xmi (application/xmit) in SBGOLOB.CBT509.FILE312, moved to PDS/CUTPASTE.xmi
2025-04-04 07:43:09.136095 - Received SYSLBD.CUTPASTE.PDS from CUTPASTE.xmi 
2025-04-04 07:43:09.136510 - Found EXEC.html (text/html) in SYSLBD.CUTPASTE.PDS, moved to CUTPASTE/EXEC
2025-04-04 07:43:09.136647 - Found PANELS.txt (text/plain) in SYSLBD.CUTPASTE.PDS, moved to CUTPASTE/PANELS
2025-04-04 07:43:09.137103 - Found DDLIST.xmi (application/xmit) in SBGOLOB.CBT509.FILE312, moved to PDS/DDLIST.xmi
2025-04-04 07:43:09.175753 - Received SYSLBD.DDLIST.PDS from DDLIST.xmi 
2025-04-04 07:43:09.176283 - Found $README.txt (text/plain) in SYSLBD.DDLIST.PDS, moved to DDLIST/$README
2025-04-04 07:43:09.176443 - Found ASM.xmi (application/xmit) in SYSLBD.DDLIST.PDS, moved to DDLIST/ASM.xmi
2025-04-04 07:43:09.195067 - Received SYSLBD.DDLIST.ASM from ASM.xmi 
2025-04-04 07:43:09.195488 - Found DDLIST.txt (text/plain) in SYSLBD.DDLIST.ASM, moved to DDLIST/ASM/DDLIST
2025-04-04 07:43:09.195827 - Found CHANGES.txt (text/plain) in SYSLBD.DDLIST.PDS, moved to DDLIST/CHANGES
2025-04-04 07:43:09.195980 - Found EXEC.xmi (application/xmit) in SYSLBD.DDLIST.PDS, moved to DDLIST/EXEC.xmi
2025-04-04 07:43:09.218256 - Received SYSLBD.DDLIST.EXECFB from EXEC.xmi 
2025-04-04 07:43:09.218652 - Found DDLIST.rexx (text/plain) in SYSLBD.DDLIST.EXECFB, moved to DDLIST/EXEC/DDLIST
2025-04-04 07:43:09.218954 - Found PANELS.xmi (application/xmit) in SYSLBD.DDLIST.PDS, moved to DDLIST/PANELS.xmi
2025-04-04 07:43:09.297117 - Received SYSLBD.DDLIST.PANELS from PANELS.xmi 
2025-04-04 07:43:09.297747 - Found $DDALL.txt (text/plain) in SYSLBD.DDLIST.PANELS, moved to DDLIST/PANELS/$DDALL
2025-04-04 07:43:09.297886 - Found $DDBR.txt (text/plain) in SYSLBD.DDLIST.PANELS, moved to DDLIST/PANELS/$DDBR
2025-04-04 07:43:09.298014 - Found $DDED.txt (text/plain) in SYSLBD.DDLIST.PANELS, moved to DDLIST/PANELS/$DDED
2025-04-04 07:43:09.298144 - Found DDALL.txt (text/plain) in SYSLBD.DDLIST.PANELS, moved to DDLIST/PANELS/DDALL
2025-04-04 07:43:09.298262 - Found DDBR.txt (text/plain) in SYSLBD.DDLIST.PANELS, moved to DDLIST/PANELS/DDBR
2025-04-04 07:43:09.298376 - Found DDED.txt (text/plain) in SYSLBD.DDLIST.PANELS, moved to DDLIST/PANELS/DDED
2025-04-04 07:43:09.298502 - Found DDINFO.txt (text/plain) in SYSLBD.DDLIST.PANELS, moved to DDLIST/PANELS/DDINFO
2025-04-04 07:43:09.298640 - Found DDINFO2.txt (text/plain) in SYSLBD.DDLIST.PANELS, moved to DDLIST/PANELS/DDINFO2
2025-04-04 07:43:09.299167 - Found RECEIVE.rexx (text/plain) in SYSLBD.DDLIST.PDS, moved to DDLIST/RECEIVE
2025-04-04 07:43:09.299715 - Found DDLIST$.txt (text/plain) in SBGOLOB.CBT509.FILE312, moved to PDS/DDLIST$
2025-04-04 07:43:09.299837 - Found DOALL.rexx (text/plain) in SBGOLOB.CBT509.FILE312, moved to PDS/DOALL
2025-04-04 07:43:09.299969 - Found DOTSO.x-shellscript (text/x-shellscript) in SBGOLOB.CBT509.FILE312, moved to PDS/DOTSO
2025-04-04 07:43:09.300087 - Found DROPISPF.rexx (text/plain) in SBGOLOB.CBT509.FILE312, moved to PDS/DROPISPF
2025-04-04 07:43:09.300239 - Found DSFSADM.xmi (application/xmit) in SBGOLOB.CBT509.FILE312, moved to PDS/DSFSADM.xmi
2025-04-04 07:43:09.340567 - Received LBDYCK.DSFSADM.PDS from DSFSADM.xmi 
2025-04-04 07:43:09.341062 - Found $README.txt (text/plain) in LBDYCK.DSFSADM.PDS, moved to DSFSADM/$README
2025-04-04 07:43:09.341196 - Found $RECV.rexx (text/plain) in LBDYCK.DSFSADM.PDS, moved to DSFSADM/$RECV
2025-04-04 07:43:09.341333 - Found EXEC.xmi (application/xmit) in LBDYCK.DSFSADM.PDS, moved to DSFSADM/EXEC.xmi
2025-04-04 07:43:09.375162 - Received LBDYCK.DSFSADM.EXEC from EXEC.xmi 
2025-04-04 07:43:09.375591 - Found DSFSADM.rexx (text/plain) in LBDYCK.DSFSADM.EXEC, moved to DSFSADM/EXEC/DSFSADM
2025-04-04 07:43:09.375739 - Found DSFSMENU.rexx (text/plain) in LBDYCK.DSFSADM.EXEC, moved to DSFSADM/EXEC/DSFSMENU
2025-04-04 07:43:09.376093 - Found LICENSE.txt (text/plain) in LBDYCK.DSFSADM.PDS, moved to DSFSADM/LICENSE
2025-04-04 07:43:09.376259 - Found PANELS.xmi (application/xmit) in LBDYCK.DSFSADM.PDS, moved to DSFSADM/PANELS.xmi
2025-04-04 07:43:09.440906 - Received LBDYCK.DSFSADM.PANELS from PANELS.xmi 
2025-04-04 07:43:09.441467 - Found DSFSADM.txt (text/plain) in LBDYCK.DSFSADM.PANELS, moved to DSFSADM/PANELS/DSFSADM
2025-04-04 07:43:09.441619 - Found DSFSCONF.txt (text/plain) in LBDYCK.DSFSADM.PANELS, moved to DSFSADM/PANELS/DSFSCONF
2025-04-04 07:43:09.441758 - Found DSFSCRE.txt (text/plain) in LBDYCK.DSFSADM.PANELS, moved to DSFSADM/PANELS/DSFSCRE
2025-04-04 07:43:09.441894 - Found DSFSDSA.txt (text/plain) in LBDYCK.DSFSADM.PANELS, moved to DSFSADM/PANELS/DSFSDSA
2025-04-04 07:43:09.442010 - Found DSFSTUTR.txt (text/plain) in LBDYCK.DSFSADM.PANELS, moved to DSFSADM/PANELS/DSFSTUTR
2025-04-04 07:43:09.442132 - Found DSFSUSR.txt (text/plain) in LBDYCK.DSFSADM.PANELS, moved to DSFSADM/PANELS/DSFSUSR
2025-04-04 07:43:09.442794 - Found DSLIST.rexx (text/plain) in SBGOLOB.CBT509.FILE312, moved to PDS/DSLIST
2025-04-04 07:43:09.442957 - Found DUMPMGMT.xmi (application/xmit) in SBGOLOB.CBT509.FILE312, moved to PDS/DUMPMGMT.xmi
2025-04-04 07:43:09.499066 - Received SYSLBD.DUMPMGMT.PDS from DUMPMGMT.xmi 
2025-04-04 07:43:09.499634 - Found $DOC.txt (text/plain) in SYSLBD.DUMPMGMT.PDS, moved to DUMPMGMT/$DOC
2025-04-04 07:43:09.499762 - Found DUMPLOG.txt (text/plain) in SYSLBD.DUMPMGMT.PDS, moved to DUMPMGMT/DUMPLOG
2025-04-04 07:43:09.499900 - Found EXEC.xmi (application/xmit) in SYSLBD.DUMPMGMT.PDS, moved to DUMPMGMT/EXEC.xmi
2025-04-04 07:43:09.590760 - Received SYSLBD.DUMPMGMT.EXEC from EXEC.xmi 
2025-04-04 07:43:09.591347 - Found BLSGSTRT.rexx (text/plain) in SYSLBD.DUMPMGMT.EXEC, moved to DUMPMGMT/EXEC/BLSGSTRT
2025-04-04 07:43:09.591491 - Found DMPIPLCK.rexx (text/plain) in SYSLBD.DUMPMGMT.EXEC, moved to DUMPMGMT/EXEC/DMPIPLCK
2025-04-04 07:43:09.591637 - Found DUMPINDX.rexx (text/plain) in SYSLBD.DUMPMGMT.EXEC, moved to DUMPMGMT/EXEC/DUMPINDX
2025-04-04 07:43:09.591776 - Found DUMPLOGP.rexx (text/plain) in SYSLBD.DUMPMGMT.EXEC, moved to DUMPMGMT/EXEC/DUMPLOGP
2025-04-04 07:43:09.591897 - Found DUMPLOGR.rexx (text/plain) in SYSLBD.DUMPMGMT.EXEC, moved to DUMPMGMT/EXEC/DUMPLOGR
2025-04-04 07:43:09.592026 - Found DUMPLOGX.rexx (text/plain) in SYSLBD.DUMPMGMT.EXEC, moved to DUMPMGMT/EXEC/DUMPLOGX
2025-04-04 07:43:09.592148 - Found SDMPLOG.rexx (text/plain) in SYSLBD.DUMPMGMT.EXEC, moved to DUMPMGMT/EXEC/SDMPLOG
2025-04-04 07:43:09.592614 - Found NOTES.txt (text/plain) in SYSLBD.DUMPMGMT.PDS, moved to DUMPMGMT/NOTES
2025-04-04 07:43:09.592750 - Found OVERVIEW.txt (text/plain) in SYSLBD.DUMPMGMT.PDS, moved to DUMPMGMT/OVERVIEW
2025-04-04 07:43:09.592875 - Found PANELS.xmi (application/xmit) in SYSLBD.DUMPMGMT.PDS, moved to DUMPMGMT/PANELS.xmi
2025-04-04 07:43:09.620730 - Received SYSLBD.DUMPMGMT.PANELS from PANELS.xmi 
2025-04-04 07:43:09.621183 - Found DUMPINDH.txt (text/plain) in SYSLBD.DUMPMGMT.PANELS, moved to DUMPMGMT/PANELS/DUMPINDH
2025-04-04 07:43:09.621319 - Found DUMPINDX.txt (text/plain) in SYSLBD.DUMPMGMT.PANELS, moved to DUMPMGMT/PANELS/DUMPINDX
2025-04-04 07:43:09.621448 - Found DUMPTFTP.txt (text/plain) in SYSLBD.DUMPMGMT.PANELS, moved to DUMPMGMT/PANELS/DUMPTFTP
2025-04-04 07:43:09.621874 - Found RECEIVE.rexx (text/plain) in SYSLBD.DUMPMGMT.PDS, moved to DUMPMGMT/RECEIVE
2025-04-04 07:43:09.622004 - Found SVCDMPLG.txt (text/plain) in SYSLBD.DUMPMGMT.PDS, moved to DUMPMGMT/SVCDMPLG
2025-04-04 07:43:09.622441 - Found EDITMAC.rexx (text/plain) in SBGOLOB.CBT509.FILE312, moved to PDS/EDITMAC
2025-04-04 07:43:09.622595 - Found EDSL.rexx (text/plain) in SBGOLOB.CBT509.FILE312, moved to PDS/EDSL
2025-04-04 07:43:09.622737 - Found EKKO.txt (text/plain) in SBGOLOB.CBT509.FILE312, moved to PDS/EKKO
2025-04-04 07:43:09.622860 - Found EKKO$.jcl (text/plain) in SBGOLOB.CBT509.FILE312, moved to PDS/EKKO$
2025-04-04 07:43:09.622985 - Found EKKOH.txt (text/plain) in SBGOLOB.CBT509.FILE312, moved to PDS/EKKOH
2025-04-04 07:43:09.623122 - Found EMAC.xmi (application/xmit) in SBGOLOB.CBT509.FILE312, moved to PDS/EMAC.xmi
2025-04-04 07:43:09.662126 - Received LBDYCK.EMAC.PDS from EMAC.xmi 
2025-04-04 07:43:09.662665 - Found $DOC.txt (text/plain) in LBDYCK.EMAC.PDS, moved to EMAC/$DOC
2025-04-04 07:43:09.662805 - Found $RECV.rexx (text/plain) in LBDYCK.EMAC.PDS, moved to EMAC/$RECV
2025-04-04 07:43:09.662935 - Found $USERDOC.txt (text/plain) in LBDYCK.EMAC.PDS, moved to EMAC/$USERDOC
2025-04-04 07:43:09.663084 - Found EXEC.xmi (application/xmit) in LBDYCK.EMAC.PDS, moved to EMAC/EXEC.xmi
2025-04-04 07:43:09.704149 - Received LBDYCK.EMAC.EXEC from EXEC.xmi 
2025-04-04 07:43:09.704642 - Found EMAC.rexx (text/plain) in LBDYCK.EMAC.EXEC, moved to EMAC/EXEC/EMAC
2025-04-04 07:43:09.704801 - Found EMACD.txt (text/plain) in LBDYCK.EMAC.EXEC, moved to EMAC/EXEC/EMACD
2025-04-04 07:43:09.705366 - Found EXTISPF.rexx (text/plain) in SBGOLOB.CBT509.FILE312, moved to PDS/EXTISPF
2025-04-04 07:43:09.705514 - Found EZMENU.xmi (application/xmit) in SBGOLOB.CBT509.FILE312, moved to PDS/EZMENU.xmi
2025-04-04 07:43:09.736914 - Received LBDYCK.EZMENU.PDS from EZMENU.xmi 
2025-04-04 07:43:09.737405 - Found $README.txt (text/plain) in LBDYCK.EZMENU.PDS, moved to EZMENU/$README
2025-04-04 07:43:09.737540 - Found $RECV.rexx (text/plain) in LBDYCK.EZMENU.PDS, moved to EZMENU/$RECV
2025-04-04 07:43:09.737677 - Found EXEC.xmi (application/xmit) in LBDYCK.EZMENU.PDS, moved to EZMENU/EXEC.xmi
2025-04-04 07:43:09.770482 - Received LBDYCK.EZMENU.EXEC from EXEC.xmi 
2025-04-04 07:43:09.770944 - Found EZMENU.rexx (text/plain) in LBDYCK.EZMENU.EXEC, moved to EZMENU/EXEC/EZMENU
2025-04-04 07:43:09.771086 - Found SAMPLE.txt (text/plain) in LBDYCK.EZMENU.EXEC, moved to EZMENU/EXEC/SAMPLE
2025-04-04 07:43:09.771478 - Found PANELS.xmi (application/xmit) in LBDYCK.EZMENU.PDS, moved to EZMENU/PANELS.xmi
2025-04-04 07:43:09.787970 - Received LBDYCK.EZMENU.PANELS from PANELS.xmi 
2025-04-04 07:43:09.788359 - Found EZASK.txt (text/plain) in LBDYCK.EZMENU.PANELS, moved to EZMENU/PANELS/EZASK
2025-04-04 07:43:09.788489 - Found EZMENU.txt (text/plain) in LBDYCK.EZMENU.PANELS, moved to EZMENU/PANELS/EZMENU
2025-04-04 07:43:09.788984 - Found FASTPATH.xmi (application/xmit) in SBGOLOB.CBT509.FILE312, moved to PDS/FASTPATH.xmi
2025-04-04 07:43:09.849407 - Received LBDYCK.FASTPATH.PDS from FASTPATH.xmi 
2025-04-04 07:43:09.849943 - Found $DOC.txt (text/plain) in LBDYCK.FASTPATH.PDS, moved to FASTPATH/$DOC
2025-04-04 07:43:09.850080 - Found CHANGES.txt (text/plain) in LBDYCK.FASTPATH.PDS, moved to FASTPATH/CHANGES
2025-04-04 07:43:09.850218 - Found EXTISPF.rexx (text/plain) in LBDYCK.FASTPATH.PDS, moved to FASTPATH/EXTISPF
2025-04-04 07:43:09.850365 - Found FASTPATH.rexx (text/plain) in LBDYCK.FASTPATH.PDS, moved to FASTPATH/FASTPATH
2025-04-04 07:43:09.850766 - Found FINDDDM.rexx (text/plain) in SBGOLOB.CBT509.FILE312, moved to PDS/FINDDDM
2025-04-04 07:43:09.850897 - Found FINDDSN.rexx (text/plain) in SBGOLOB.CBT509.FILE312, moved to PDS/FINDDSN
2025-04-04 07:43:09.851016 - Found FIXBOOKP.rexx (text/plain) in SBGOLOB.CBT509.FILE312, moved to PDS/FIXBOOKP
2025-04-04 07:43:09.851151 - Found FIXKEYS.xmi (application/xmit) in SBGOLOB.CBT509.FILE312, moved to PDS/FIXKEYS.xmi
2025-04-04 07:43:09.893970 - Received LBDYCK.FIXKEYS.PDS from FIXKEYS.xmi 
2025-04-04 07:43:09.894434 - Found $README.txt (text/plain) in LBDYCK.FIXKEYS.PDS, moved to FIXKEYS/$README
2025-04-04 07:43:09.894591 - Found FIXKEYS.rexx (text/plain) in LBDYCK.FIXKEYS.PDS, moved to FIXKEYS/FIXKEYS
2025-04-04 07:43:09.894725 - Found FIXKEYST.rexx (text/plain) in LBDYCK.FIXKEYS.PDS, moved to FIXKEYS/FIXKEYST
2025-04-04 07:43:09.895091 - Found FIXKEYS$.txt (text/plain) in SBGOLOB.CBT509.FILE312, moved to PDS/FIXKEYS$
2025-04-04 07:43:09.895224 - Found FIXNL.rexx (text/plain) in SBGOLOB.CBT509.FILE312, moved to PDS/FIXNL
2025-04-04 07:43:09.895517 - Found FTPB.xmi (application/xmit) in SBGOLOB.CBT509.FILE312, moved to PDS/FTPB.xmi
2025-04-04 07:43:10.011015 - Received LBDYCK.FTPB.PDS from FTPB.xmi 
2025-04-04 07:43:10.011662 - Found $DOC.txt (text/plain) in LBDYCK.FTPB.PDS, moved to FTPB/$DOC
2025-04-04 07:43:10.011813 - Found $INSTALL.txt (text/plain) in LBDYCK.FTPB.PDS, moved to FTPB/$INSTALL
2025-04-04 07:43:10.011964 - Found CHANGES.txt (text/plain) in LBDYCK.FTPB.PDS, moved to FTPB/CHANGES
2025-04-04 07:43:10.012231 - Found EXEC.xmi (application/xmit) in LBDYCK.FTPB.PDS, moved to FTPB/EXEC.xmi
2025-04-04 07:43:10.193731 - Received LBDYCK.FTPB.EXEC from EXEC.xmi 
2025-04-04 07:43:10.194546 - Found FTPB.rexx (text/plain) in LBDYCK.FTPB.EXEC, moved to FTPB/EXEC/FTPB
2025-04-04 07:43:10.194694 - Found FTPBCRDT.rexx (text/plain) in LBDYCK.FTPB.EXEC, moved to FTPB/EXEC/FTPBCRDT
2025-04-04 07:43:10.194831 - Found FTPBCUST.rexx (text/plain) in LBDYCK.FTPB.EXEC, moved to FTPB/EXEC/FTPBCUST
2025-04-04 07:43:10.194966 - Found FTPBEM.rexx (text/plain) in LBDYCK.FTPB.EXEC, moved to FTPB/EXEC/FTPBEM
2025-04-04 07:43:10.195086 - Found FTPBEME.rexx (text/plain) in LBDYCK.FTPB.EXEC, moved to FTPB/EXEC/FTPBEME
2025-04-04 07:43:10.195203 - Found FTPBEMS.rexx (text/plain) in LBDYCK.FTPB.EXEC, moved to FTPB/EXEC/FTPBEMS
2025-04-04 07:43:10.195317 - Found FTPBFE.rexx (text/plain) in LBDYCK.FTPB.EXEC, moved to FTPB/EXEC/FTPBFE
2025-04-04 07:43:10.195446 - Found FTPBJOB2.rexx (text/plain) in LBDYCK.FTPB.EXEC, moved to FTPB/EXEC/FTPBJOB2
2025-04-04 07:43:10.195561 - Found FTPBNRC.rexx (text/plain) in LBDYCK.FTPB.EXEC, moved to FTPB/EXEC/FTPBNRC
2025-04-04 07:43:10.195677 - Found FTPBPDIR.rexx (text/plain) in LBDYCK.FTPB.EXEC, moved to FTPB/EXEC/FTPBPDIR
2025-04-04 07:43:10.195794 - Found FTPBREDT.rexx (text/plain) in LBDYCK.FTPB.EXEC, moved to FTPB/EXEC/FTPBREDT
2025-04-04 07:43:10.195926 - Found FTPNETRC.rexx (text/plain) in LBDYCK.FTPB.EXEC, moved to FTPB/EXEC/FTPNETRC
2025-04-04 07:43:10.196618 - Found NETRC.txt (text/plain) in LBDYCK.FTPB.PDS, moved to FTPB/NETRC
2025-04-04 07:43:10.196781 - Found PANELS.xmi (application/xmit) in LBDYCK.FTPB.PDS, moved to FTPB/PANELS.xmi
2025-04-04 07:43:10.722967 - Received LBDYCK.FTPB.PANELS from PANELS.xmi 
2025-04-04 07:43:10.725256 - Found FTPB.txt (text/plain) in LBDYCK.FTPB.PANELS, moved to FTPB/PANELS/FTPB
2025-04-04 07:43:10.725401 - Found FTPBANON.txt (text/plain) in LBDYCK.FTPB.PANELS, moved to FTPB/PANELS/FTPBANON
2025-04-04 07:43:10.725529 - Found FTPBCHST.txt (text/plain) in LBDYCK.FTPB.PANELS, moved to FTPB/PANELS/FTPBCHST
2025-04-04 07:43:10.725663 - Found FTPBCRDT.txt (text/plain) in LBDYCK.FTPB.PANELS, moved to FTPB/PANELS/FTPBCRDT
2025-04-04 07:43:10.725800 - Found FTPBEXEC.txt (text/plain) in LBDYCK.FTPB.PANELS, moved to FTPB/PANELS/FTPBEXEC
2025-04-04 07:43:10.725920 - Found FTPBGS.txt (text/plain) in LBDYCK.FTPB.PANELS, moved to FTPB/PANELS/FTPBGS
2025-04-04 07:43:10.726044 - Found FTPBGSU.txt (text/plain) in LBDYCK.FTPB.PANELS, moved to FTPB/PANELS/FTPBGSU
2025-04-04 07:43:10.726167 - Found FTPBGSUP.txt (text/plain) in LBDYCK.FTPB.PANELS, moved to FTPB/PANELS/FTPBGSUP
2025-04-04 07:43:10.726283 - Found FTPBGSUR.txt (text/plain) in LBDYCK.FTPB.PANELS, moved to FTPB/PANELS/FTPBGSUR
2025-04-04 07:43:10.726398 - Found FTPBHFD.txt (text/plain) in LBDYCK.FTPB.PANELS, moved to FTPB/PANELS/FTPBHFD
2025-04-04 07:43:10.726515 - Found FTPBHF1.txt (text/plain) in LBDYCK.FTPB.PANELS, moved to FTPB/PANELS/FTPBHF1
2025-04-04 07:43:10.726634 - Found FTPBHF10.txt (text/plain) in LBDYCK.FTPB.PANELS, moved to FTPB/PANELS/FTPBHF10
2025-04-04 07:43:10.726755 - Found FTPBHF11.txt (text/plain) in LBDYCK.FTPB.PANELS, moved to FTPB/PANELS/FTPBHF11
2025-04-04 07:43:10.726866 - Found FTPBHF12.txt (text/plain) in LBDYCK.FTPB.PANELS, moved to FTPB/PANELS/FTPBHF12
2025-04-04 07:43:10.726979 - Found FTPBHF13.txt (text/plain) in LBDYCK.FTPB.PANELS, moved to FTPB/PANELS/FTPBHF13
2025-04-04 07:43:10.727088 - Found FTPBHF14.txt (text/plain) in LBDYCK.FTPB.PANELS, moved to FTPB/PANELS/FTPBHF14
2025-04-04 07:43:10.727209 - Found FTPBHF2.txt (text/plain) in LBDYCK.FTPB.PANELS, moved to FTPB/PANELS/FTPBHF2
2025-04-04 07:43:10.727341 - Found FTPBHF3.txt (text/plain) in LBDYCK.FTPB.PANELS, moved to FTPB/PANELS/FTPBHF3
2025-04-04 07:43:10.727456 - Found FTPBHF4.txt (text/plain) in LBDYCK.FTPB.PANELS, moved to FTPB/PANELS/FTPBHF4
2025-04-04 07:43:10.727571 - Found FTPBHF5.txt (text/plain) in LBDYCK.FTPB.PANELS, moved to FTPB/PANELS/FTPBHF5
2025-04-04 07:43:10.727691 - Found FTPBHF6.txt (text/plain) in LBDYCK.FTPB.PANELS, moved to FTPB/PANELS/FTPBHF6
2025-04-04 07:43:10.727840 - Found FTPBHF7.txt (text/plain) in LBDYCK.FTPB.PANELS, moved to FTPB/PANELS/FTPBHF7
2025-04-04 07:43:10.727950 - Found FTPBHF8.txt (text/plain) in LBDYCK.FTPB.PANELS, moved to FTPB/PANELS/FTPBHF8
2025-04-04 07:43:10.728063 - Found FTPBHF9.txt (text/plain) in LBDYCK.FTPB.PANELS, moved to FTPB/PANELS/FTPBHF9
2025-04-04 07:43:10.728173 - Found FTPBHNRC.txt (text/plain) in LBDYCK.FTPB.PANELS, moved to FTPB/PANELS/FTPBHNRC
2025-04-04 07:43:10.728313 - Found FTPBHNRU.txt (text/plain) in LBDYCK.FTPB.PANELS, moved to FTPB/PANELS/FTPBHNRU
2025-04-04 07:43:10.728435 - Found FTPBHUNL.txt (text/plain) in LBDYCK.FTPB.PANELS, moved to FTPB/PANELS/FTPBHUNL
2025-04-04 07:43:10.728549 - Found FTPBH0.txt (text/plain) in LBDYCK.FTPB.PANELS, moved to FTPB/PANELS/FTPBH0
2025-04-04 07:43:10.728666 - Found FTPBH1.txt (text/plain) in LBDYCK.FTPB.PANELS, moved to FTPB/PANELS/FTPBH1
2025-04-04 07:43:10.728786 - Found FTPBH2.txt (text/plain) in LBDYCK.FTPB.PANELS, moved to FTPB/PANELS/FTPBH2
2025-04-04 07:43:10.728898 - Found FTPBM.txt (text/plain) in LBDYCK.FTPB.PANELS, moved to FTPB/PANELS/FTPBM
2025-04-04 07:43:10.729009 - Found FTPBNHCP.txt (text/plain) in LBDYCK.FTPB.PANELS, moved to FTPB/PANELS/FTPBNHCP
2025-04-04 07:43:10.729121 - Found FTPBNRC.txt (text/plain) in LBDYCK.FTPB.PANELS, moved to FTPB/PANELS/FTPBNRC
2025-04-04 07:43:10.729233 - Found FTPBNRCP.txt (text/plain) in LBDYCK.FTPB.PANELS, moved to FTPB/PANELS/FTPBNRCP
2025-04-04 07:43:10.729344 - Found FTPBNRCU.txt (text/plain) in LBDYCK.FTPB.PANELS, moved to FTPB/PANELS/FTPBNRCU
2025-04-04 07:43:10.729472 - Found FTPBPDSC.txt (text/plain) in LBDYCK.FTPB.PANELS, moved to FTPB/PANELS/FTPBPDSC
2025-04-04 07:43:10.729585 - Found FTPBPDSL.txt (text/plain) in LBDYCK.FTPB.PANELS, moved to FTPB/PANELS/FTPBPDSL
2025-04-04 07:43:10.729704 - Found FTPBPDSS.txt (text/plain) in LBDYCK.FTPB.PANELS, moved to FTPB/PANELS/FTPBPDSS
2025-04-04 07:43:10.729830 - Found FTPBPH0.txt (text/plain) in LBDYCK.FTPB.PANELS, moved to FTPB/PANELS/FTPBPH0
2025-04-04 07:43:10.729939 - Found FTPBPH0T.txt (text/plain) in LBDYCK.FTPB.PANELS, moved to FTPB/PANELS/FTPBPH0T
2025-04-04 07:43:10.730049 - Found FTPBPOP2.txt (text/plain) in LBDYCK.FTPB.PANELS, moved to FTPB/PANELS/FTPBPOP2
2025-04-04 07:43:10.730160 - Found FTPBPOP4.txt (text/plain) in LBDYCK.FTPB.PANELS, moved to FTPB/PANELS/FTPBPOP4
2025-04-04 07:43:10.730272 - Found FTPBPPDS.txt (text/plain) in LBDYCK.FTPB.PANELS, moved to FTPB/PANELS/FTPBPPDS
2025-04-04 07:43:10.730381 - Found FTPBPRCL.txt (text/plain) in LBDYCK.FTPB.PANELS, moved to FTPB/PANELS/FTPBPRCL
2025-04-04 07:43:10.730502 - Found FTPBPWRN.txt (text/plain) in LBDYCK.FTPB.PANELS, moved to FTPB/PANELS/FTPBPWRN
2025-04-04 07:43:10.730626 - Found FTPBRDSH.txt (text/plain) in LBDYCK.FTPB.PANELS, moved to FTPB/PANELS/FTPBRDSH
2025-04-04 07:43:10.730735 - Found FTPBRDSL.txt (text/plain) in LBDYCK.FTPB.PANELS, moved to FTPB/PANELS/FTPBRDSL
2025-04-04 07:43:10.730852 - Found FTPBRDSP.txt (text/plain) in LBDYCK.FTPB.PANELS, moved to FTPB/PANELS/FTPBRDSP
2025-04-04 07:43:10.730965 - Found FTPBSDSH.txt (text/plain) in LBDYCK.FTPB.PANELS, moved to FTPB/PANELS/FTPBSDSH
2025-04-04 07:43:10.731078 - Found FTPBSDSL.txt (text/plain) in LBDYCK.FTPB.PANELS, moved to FTPB/PANELS/FTPBSDSL
2025-04-04 07:43:10.731194 - Found FTPBSHM.txt (text/plain) in LBDYCK.FTPB.PANELS, moved to FTPB/PANELS/FTPBSHM
2025-04-04 07:43:10.731306 - Found FTPBSHST.txt (text/plain) in LBDYCK.FTPB.PANELS, moved to FTPB/PANELS/FTPBSHST
2025-04-04 07:43:10.731422 - Found FTPBSITE.txt (text/plain) in LBDYCK.FTPB.PANELS, moved to FTPB/PANELS/FTPBSITE
2025-04-04 07:43:10.731532 - Found FTPBSMBR.txt (text/plain) in LBDYCK.FTPB.PANELS, moved to FTPB/PANELS/FTPBSMBR
2025-04-04 07:43:10.731657 - Found FTPBSMS.txt (text/plain) in LBDYCK.FTPB.PANELS, moved to FTPB/PANELS/FTPBSMS
2025-04-04 07:43:10.731780 - Found FTPBUHST.txt (text/plain) in LBDYCK.FTPB.PANELS, moved to FTPB/PANELS/FTPBUHST
2025-04-04 07:43:10.731888 - Found FTPBUNLD.txt (text/plain) in LBDYCK.FTPB.PANELS, moved to FTPB/PANELS/FTPBUNLD
2025-04-04 07:43:10.732001 - Found NETRC.txt (text/plain) in LBDYCK.FTPB.PANELS, moved to FTPB/PANELS/NETRC
2025-04-04 07:43:10.732110 - Found NETRCH.txt (text/plain) in LBDYCK.FTPB.PANELS, moved to FTPB/PANELS/NETRCH
2025-04-04 07:43:10.732235 - Found NETRCP.txt (text/plain) in LBDYCK.FTPB.PANELS, moved to FTPB/PANELS/NETRCP
2025-04-04 07:43:10.732346 - Found NETRCPH.txt (text/plain) in LBDYCK.FTPB.PANELS, moved to FTPB/PANELS/NETRCPH
2025-04-04 07:43:10.732455 - Found NETRCUP.txt (text/plain) in LBDYCK.FTPB.PANELS, moved to FTPB/PANELS/NETRCUP
2025-04-04 07:43:10.732571 - Found NETRCUPH.txt (text/plain) in LBDYCK.FTPB.PANELS, moved to FTPB/PANELS/NETRCUPH
2025-04-04 07:43:10.734632 - Found PDSE.txt (text/plain) in LBDYCK.FTPB.PDS, moved to FTPB/PDSE
2025-04-04 07:43:10.734753 - Found RECEIVE.rexx (text/plain) in LBDYCK.FTPB.PDS, moved to FTPB/RECEIVE
2025-04-04 07:43:10.735198 - Found FTPB$CHG.txt (text/plain) in SBGOLOB.CBT509.FILE312, moved to PDS/FTPB$CHG
2025-04-04 07:43:10.735433 - Found FTPB#.pdf (application/pdf) in SBGOLOB.CBT509.FILE312, moved to docs/FTPB#.pdf
2025-04-04 07:43:10.735569 - Found FTPB@.doc (application/msword) in SBGOLOB.CBT509.FILE312, moved to docs/FTPB@.doc
2025-04-04 07:43:10.735721 - Found FTPFROMZ.xmi (application/xmit) in SBGOLOB.CBT509.FILE312, moved to PDS/FTPFROMZ.xmi
2025-04-04 07:43:10.794983 - Received SYSLBD.FTPFROMZ.PDS from FTPFROMZ.xmi 
2025-04-04 07:43:10.795500 - Found $DOC.txt (text/plain) in SYSLBD.FTPFROMZ.PDS, moved to FTPFROMZ/$DOC
2025-04-04 07:43:10.795641 - Found CHANGES.txt (text/plain) in SYSLBD.FTPFROMZ.PDS, moved to FTPFROMZ/CHANGES
2025-04-04 07:43:10.795782 - Found EXEC.xmi (application/xmit) in SYSLBD.FTPFROMZ.PDS, moved to FTPFROMZ/EXEC.xmi
2025-04-04 07:43:10.819378 - Received SYSLBD.LIONEL.EXECFB from EXEC.xmi 
2025-04-04 07:43:10.819791 - Found FTPFROMZ.rexx (text/plain) in SYSLBD.LIONEL.EXECFB, moved to FTPFROMZ/EXEC/FTPFROMZ
2025-04-04 07:43:10.820113 - Found LICENSE.txt (text/plain) in SYSLBD.FTPFROMZ.PDS, moved to FTPFROMZ/LICENSE
2025-04-04 07:43:10.820262 - Found RECEIVE.rexx (text/plain) in SYSLBD.FTPFROMZ.PDS, moved to FTPFROMZ/RECEIVE
2025-04-04 07:43:10.820388 - Found USRGUIDE.txt (text/plain) in SYSLBD.FTPFROMZ.PDS, moved to FTPFROMZ/USRGUIDE
2025-04-04 07:43:10.820799 - Found FTPFROZC.txt (text/plain) in SBGOLOB.CBT509.FILE312, moved to PDS/FTPFROZC
2025-04-04 07:43:10.820968 - Found GENSUB.xmi (application/xmit) in SBGOLOB.CBT509.FILE312, moved to PDS/GENSUB.xmi
2025-04-04 07:43:10.843675 - Received SYSLBD.GENSUB.PDS from GENSUB.xmi 
2025-04-04 07:43:10.844126 - Found $DOC.txt (text/plain) in SYSLBD.GENSUB.PDS, moved to GENSUB/$DOC
2025-04-04 07:43:10.844269 - Found EXEC.xmi (application/xmit) in SYSLBD.GENSUB.PDS, moved to GENSUB/EXEC.xmi
2025-04-04 07:43:10.856230 - Received SYSLBD.LIONEL.EXECFB from EXEC.xmi 
2025-04-04 07:43:10.856620 - Found GENSUB.rexx (text/plain) in SYSLBD.LIONEL.EXECFB, moved to GENSUB/EXEC/GENSUB
2025-04-04 07:43:10.856956 - Found PANELS.xmi (application/xmit) in SYSLBD.GENSUB.PDS, moved to GENSUB/PANELS.xmi
2025-04-04 07:43:10.866398 - Received SYSLBD.LIONEL.PANELS from PANELS.xmi 
2025-04-04 07:43:10.866781 - Found GENSUB.txt (text/plain) in SYSLBD.LIONEL.PANELS, moved to GENSUB/PANELS/GENSUB
2025-04-04 07:43:10.867087 - Found RECEIVE.rexx (text/plain) in SYSLBD.GENSUB.PDS, moved to GENSUB/RECEIVE
2025-04-04 07:43:10.867398 - Found GET.rexx (text/plain) in SBGOLOB.CBT509.FILE312, moved to PDS/GET
2025-04-04 07:43:10.867543 - Found GETIPLDT.rexx (text/plain) in SBGOLOB.CBT509.FILE312, moved to PDS/GETIPLDT
2025-04-04 07:43:10.867670 - Found HIDELINE.rexx (text/plain) in SBGOLOB.CBT509.FILE312, moved to PDS/HIDELINE
2025-04-04 07:43:10.867798 - Found IDLIST.xmi (application/xmit) in SBGOLOB.CBT509.FILE312, moved to PDS/IDLIST.xmi
2025-04-04 07:43:10.886530 - Received T311LBD.IDLIST.EXEC from IDLIST.xmi 
2025-04-04 07:43:10.886937 - Found GIDLIST.rexx (text/plain) in T311LBD.IDLIST.EXEC, moved to IDLIST/GIDLIST
2025-04-04 07:43:10.887061 - Found UIDLIST.rexx (text/plain) in T311LBD.IDLIST.EXEC, moved to IDLIST/UIDLIST
2025-04-04 07:43:10.887370 - Found IEBPDSE.rexx (text/plain) in SBGOLOB.CBT509.FILE312, moved to PDS/IEBPDSE
2025-04-04 07:43:10.887491 - Found IFTHENEL.rexx (text/plain) in SBGOLOB.CBT509.FILE312, moved to PDS/IFTHENEL
2025-04-04 07:43:10.887691 - Found INEWS.xmi (application/xmit) in SBGOLOB.CBT509.FILE312, moved to PDS/INEWS.xmi
2025-04-04 07:43:10.943813 - Received T311LBD.INEWS.PDS from INEWS.xmi 
2025-04-04 07:43:10.944372 - Found $DOC.txt (text/plain) in T311LBD.INEWS.PDS, moved to INEWS/$DOC
2025-04-04 07:43:10.944521 - Found $RECEIVE.rexx (text/plain) in T311LBD.INEWS.PDS, moved to INEWS/$RECEIVE
2025-04-04 07:43:10.944682 - Found EXEC.xmi (application/xmit) in T311LBD.INEWS.PDS, moved to INEWS/EXEC.xmi
2025-04-04 07:43:11.022045 - Received T311LBD.INEWS.EXEC from EXEC.xmi 
2025-04-04 07:43:11.022602 - Found INEWEM.rexx (text/plain) in T311LBD.INEWS.EXEC, moved to INEWS/EXEC/INEWEM
2025-04-04 07:43:11.022743 - Found INEWEMC.rexx (text/plain) in T311LBD.INEWS.EXEC, moved to INEWS/EXEC/INEWEMC
2025-04-04 07:43:11.022862 - Found INEWEME.rexx (text/plain) in T311LBD.INEWS.EXEC, moved to INEWS/EXEC/INEWEME
2025-04-04 07:43:11.023013 - Found INEWS.rexx (text/plain) in T311LBD.INEWS.EXEC, moved to INEWS/EXEC/INEWS
2025-04-04 07:43:11.023131 - Found INEWSCK.rexx (text/plain) in T311LBD.INEWS.EXEC, moved to INEWS/EXEC/INEWSCK
2025-04-04 07:43:11.023250 - Found INEWSSET.rexx (text/plain) in T311LBD.INEWS.EXEC, moved to INEWS/EXEC/INEWSSET
2025-04-04 07:43:11.023746 - Found INFIX.rexx (text/plain) in T311LBD.INEWS.PDS, moved to INEWS/INFIX
2025-04-04 07:43:11.023882 - Found MSGS.xmi (application/xmit) in T311LBD.INEWS.PDS, moved to INEWS/MSGS.xmi
2025-04-04 07:43:11.031990 - Received T311LBD.INEWS.MSGS from MSGS.xmi 
2025-04-04 07:43:11.032395 - Found INEW00.txt (text/plain) in T311LBD.INEWS.MSGS, moved to INEWS/MSGS/INEW00
2025-04-04 07:43:11.032849 - Found PANELS.xmi (application/xmit) in T311LBD.INEWS.PDS, moved to INEWS/PANELS.xmi
2025-04-04 07:43:11.166168 - Received T311LBD.INEWS.PANELS from PANELS.xmi 
2025-04-04 07:43:11.167003 - Found INEWBRO.txt (text/plain) in T311LBD.INEWS.PANELS, moved to INEWS/PANELS/INEWBRO
2025-04-04 07:43:11.167153 - Found INEWEDT.txt (text/plain) in T311LBD.INEWS.PANELS, moved to INEWS/PANELS/INEWEDT
2025-04-04 07:43:11.167275 - Found INEWH0.txt (text/plain) in T311LBD.INEWS.PANELS, moved to INEWS/PANELS/INEWH0
2025-04-04 07:43:11.167399 - Found INEWH0A.txt (text/plain) in T311LBD.INEWS.PANELS, moved to INEWS/PANELS/INEWH0A
2025-04-04 07:43:11.167518 - Found INEWH1.txt (text/plain) in T311LBD.INEWS.PANELS, moved to INEWS/PANELS/INEWH1
2025-04-04 07:43:11.167634 - Found INEWH1A.txt (text/plain) in T311LBD.INEWS.PANELS, moved to INEWS/PANELS/INEWH1A
2025-04-04 07:43:11.167771 - Found INEWH2.txt (text/plain) in T311LBD.INEWS.PANELS, moved to INEWS/PANELS/INEWH2
2025-04-04 07:43:11.167887 - Found INEWH2A.txt (text/plain) in T311LBD.INEWS.PANELS, moved to INEWS/PANELS/INEWH2A
2025-04-04 07:43:11.167998 - Found INEWH3.txt (text/plain) in T311LBD.INEWS.PANELS, moved to INEWS/PANELS/INEWH3
2025-04-04 07:43:11.168108 - Found INEWSBRO.txt (text/plain) in T311LBD.INEWS.PANELS, moved to INEWS/PANELS/INEWSBRO
2025-04-04 07:43:11.168227 - Found INEWSEDT.txt (text/plain) in T311LBD.INEWS.PANELS, moved to INEWS/PANELS/INEWSEDT
2025-04-04 07:43:11.168340 - Found INEWTBL.txt (text/plain) in T311LBD.INEWS.PANELS, moved to INEWS/PANELS/INEWTBL
2025-04-04 07:43:11.168456 - Found INEWTBLA.txt (text/plain) in T311LBD.INEWS.PANELS, moved to INEWS/PANELS/INEWTBLA
2025-04-04 07:43:11.168568 - Found INEWWAIT.txt (text/plain) in T311LBD.INEWS.PANELS, moved to INEWS/PANELS/INEWWAIT
2025-04-04 07:43:11.169270 - Found SKELS.xmi (application/xmit) in T311LBD.INEWS.PDS, moved to INEWS/SKELS.xmi
2025-04-04 07:43:11.186374 - Received T311LBD.INEWS.SKELS from SKELS.xmi 
2025-04-04 07:43:11.186826 - Found INEWNEWS.txt (text/plain) in T311LBD.INEWS.SKELS, moved to INEWS/SKELS/INEWNEWS
2025-04-04 07:43:11.186952 - Found INEWTEST.txt (text/plain) in T311LBD.INEWS.SKELS, moved to INEWS/SKELS/INEWTEST
2025-04-04 07:43:11.187294 - Found TINEWS.rexx (text/plain) in T311LBD.INEWS.PDS, moved to INEWS/TINEWS
2025-04-04 07:43:11.187695 - Found IPLTCHK.rexx (text/plain) in SBGOLOB.CBT509.FILE312, moved to PDS/IPLTCHK
2025-04-04 07:43:11.187824 - Found IPLTCHK$.txt (text/plain) in SBGOLOB.CBT509.FILE312, moved to PDS/IPLTCHK$
2025-04-04 07:43:11.187959 - Found ISPFCMDS.xmi (application/xmit) in SBGOLOB.CBT509.FILE312, moved to PDS/ISPFCMDS.xmi
2025-04-04 07:43:11.243795 - Received SYSLBD.ISPFCMDS.PDS from ISPFCMDS.xmi 
2025-04-04 07:43:11.244323 - Found $DOC.txt (text/plain) in SYSLBD.ISPFCMDS.PDS, moved to ISPFCMDS/$DOC
2025-04-04 07:43:11.244451 - Found CHANGES.txt (text/plain) in SYSLBD.ISPFCMDS.PDS, moved to ISPFCMDS/CHANGES
2025-04-04 07:43:11.244583 - Found ISPFCMDS.rexx (text/plain) in SYSLBD.ISPFCMDS.PDS, moved to ISPFCMDS/ISPFCMDS
2025-04-04 07:43:11.244708 - Found SAMPLE.rexx (text/plain) in SYSLBD.ISPFCMDS.PDS, moved to ISPFCMDS/SAMPLE
2025-04-04 07:43:11.244825 - Found USERGDE.txt (text/plain) in SYSLBD.ISPFCMDS.PDS, moved to ISPFCMDS/USERGDE
2025-04-04 07:43:11.245264 - Found ISPFDEMO.rexx (text/plain) in SBGOLOB.CBT509.FILE312, moved to PDS/ISPFDEMO
2025-04-04 07:43:11.245396 - Found ISPFLLV.xmi (application/xmit) in SBGOLOB.CBT509.FILE312, moved to PDS/ISPFLLV.xmi
2025-04-04 07:43:11.279427 - Received LBDYCK.ISPFLLV.PDS from ISPFLLV.xmi 
2025-04-04 07:43:11.279866 - Found $README.txt (text/plain) in LBDYCK.ISPFLLV.PDS, moved to ISPFLLV/$README
2025-04-04 07:43:11.280007 - Found ISPFLLV.rexx (text/plain) in LBDYCK.ISPFLLV.PDS, moved to ISPFLLV/ISPFLLV
2025-04-04 07:43:11.280363 - Found ISPFPRO$.txt (text/plain) in SBGOLOB.CBT509.FILE312, moved to PDS/ISPFPRO$
2025-04-04 07:43:11.280489 - Found ISPFPROD.rexx (text/plain) in SBGOLOB.CBT509.FILE312, moved to PDS/ISPFPROD
2025-04-04 07:43:11.280608 - Found LDAPMAI$.txt (text/plain) in SBGOLOB.CBT509.FILE312, moved to PDS/LDAPMAI$
2025-04-04 07:43:11.280750 - Found LDAPMAIL.xmi (application/xmit) in SBGOLOB.CBT509.FILE312, moved to PDS/LDAPMAIL.xmi
2025-04-04 07:43:11.330974 - Received SYSLBD.LDAP.PDS from LDAPMAIL.xmi 
2025-04-04 07:43:11.331530 - Found $DOC.txt (text/plain) in SYSLBD.LDAP.PDS, moved to LDAPMAIL/$DOC
2025-04-04 07:43:11.331699 - Found CHANGES.txt (text/plain) in SYSLBD.LDAP.PDS, moved to LDAPMAIL/CHANGES
2025-04-04 07:43:11.332178 - Found LDAPMAIL.rexx (text/plain) in SYSLBD.LDAP.PDS, moved to LDAPMAIL/LDAPMAIL
2025-04-04 07:43:11.332441 - Found LDAPMLP.txt (text/plain) in SYSLBD.LDAP.PDS, moved to LDAPMAIL/LDAPMLP
2025-04-04 07:43:11.332593 - Found LDAPMLT.txt (text/plain) in SYSLBD.LDAP.PDS, moved to LDAPMAIL/LDAPMLT
2025-04-04 07:43:11.333041 - Found LDAPMCHG.txt (text/plain) in SBGOLOB.CBT509.FILE312, moved to PDS/LDAPMCHG
2025-04-04 07:43:11.333195 - Found LOADISPF.rexx (text/plain) in SBGOLOB.CBT509.FILE312, moved to PDS/LOADISPF
2025-04-04 07:43:11.333331 - Found LOG.xmi (application/xmit) in SBGOLOB.CBT509.FILE312, moved to PDS/LOG.xmi
2025-04-04 07:43:11.379694 - Received T311LBD.LOG.PDS from LOG.xmi 
2025-04-04 07:43:11.380179 - Found $DOC.txt (text/plain) in T311LBD.LOG.PDS, moved to LOG/$DOC
2025-04-04 07:43:11.380325 - Found CRONLOG.rexx (text/plain) in T311LBD.LOG.PDS, moved to LOG/CRONLOG
2025-04-04 07:43:11.380450 - Found CRONLOGT.txt (text/plain) in T311LBD.LOG.PDS, moved to LOG/CRONLOGT
2025-04-04 07:43:11.380586 - Found SKULKLOG.rexx (text/plain) in T311LBD.LOG.PDS, moved to LOG/SKULKLOG
2025-04-04 07:43:11.380979 - Found LOGARCH.rexx (text/plain) in SBGOLOB.CBT509.FILE312, moved to PDS/LOGARCH
2025-04-04 07:43:11.381128 - Found LOGIT.xmi (application/xmit) in SBGOLOB.CBT509.FILE312, moved to PDS/LOGIT.xmi
2025-04-04 07:43:11.451573 - Received SYSLBD.LOGIT.PDS from LOGIT.xmi 
2025-04-04 07:43:11.452159 - Found $DOC.txt (text/plain) in SYSLBD.LOGIT.PDS, moved to LOGIT/$DOC
2025-04-04 07:43:11.452306 - Found CHANGES.txt (text/plain) in SYSLBD.LOGIT.PDS, moved to LOGIT/CHANGES
2025-04-04 07:43:11.452442 - Found LOGIT.rexx (text/plain) in SYSLBD.LOGIT.PDS, moved to LOGIT/LOGIT
2025-04-04 07:43:11.452576 - Found LOGITCPY.rexx (text/plain) in SYSLBD.LOGIT.PDS, moved to LOGIT/LOGITCPY
2025-04-04 07:43:11.452701 - Found SAMPLJOB.jcl (text/plain) in SYSLBD.LOGIT.PDS, moved to LOGIT/SAMPLJOB
2025-04-04 07:43:11.452818 - Found SXMITLOG.rexx (text/plain) in SYSLBD.LOGIT.PDS, moved to LOGIT/SXMITLOG
2025-04-04 07:43:11.453279 - Found LOGIT$.txt (text/plain) in SBGOLOB.CBT509.FILE312, moved to PDS/LOGIT$
2025-04-04 07:43:11.453403 - Found LOGITCHG.txt (text/plain) in SBGOLOB.CBT509.FILE312, moved to PDS/LOGITCHG
2025-04-04 07:43:11.453528 - Found LOWER.txt (text/plain) in SBGOLOB.CBT509.FILE312, moved to PDS/LOWER
2025-04-04 07:43:11.453661 - Found LPREDIT.rexx (text/plain) in SBGOLOB.CBT509.FILE312, moved to PDS/LPREDIT
2025-04-04 07:43:11.453853 - Found LPRPRINT.xmi (application/xmit) in SBGOLOB.CBT509.FILE312, moved to PDS/LPRPRINT.xmi
2025-04-04 07:43:11.503779 - Received T311LBD.PRINT.PDS from LPRPRINT.xmi 
2025-04-04 07:43:11.504293 - Found $DOC.txt (text/plain) in T311LBD.PRINT.PDS, moved to LPRPRINT/$DOC
2025-04-04 07:43:11.504644 - Found EXEC.txt (text/plain) in T311LBD.PRINT.PDS, moved to LPRPRINT/EXEC
2025-04-04 07:43:11.504768 - Found MSGS.txt (text/plain) in T311LBD.PRINT.PDS, moved to LPRPRINT/MSGS
2025-04-04 07:43:11.504905 - Found PANELS.txt (text/plain) in T311LBD.PRINT.PDS, moved to LPRPRINT/PANELS
2025-04-04 07:43:11.505364 - Found LPRPROLD.txt (text/plain) in SBGOLOB.CBT509.FILE312, moved to PDS/LPRPROLD
2025-04-04 07:43:11.505509 - Found LSTPRC.rexx (text/plain) in SBGOLOB.CBT509.FILE312, moved to PDS/LSTPRC
2025-04-04 07:43:11.505627 - Found LSTPRC$.txt (text/plain) in SBGOLOB.CBT509.FILE312, moved to PDS/LSTPRC$
2025-04-04 07:43:11.505747 - Found LSTPROC.rexx (text/plain) in SBGOLOB.CBT509.FILE312, moved to PDS/LSTPROC
2025-04-04 07:43:11.505875 - Found LSTPROC$.txt (text/plain) in SBGOLOB.CBT509.FILE312, moved to PDS/LSTPROC$
2025-04-04 07:43:11.506007 - Found LSTPROC#.eml (message/rfc822) in SBGOLOB.CBT509.FILE312, moved to PDS/LSTPROC#
2025-04-04 07:43:11.506119 - Found LSTPROC@.txt (text/plain) in SBGOLOB.CBT509.FILE312, moved to PDS/LSTPROC@
2025-04-04 07:43:11.506248 - Found LSTPROC3.rexx (text/plain) in SBGOLOB.CBT509.FILE312, moved to PDS/LSTPROC3
2025-04-04 07:43:11.506370 - Found MGEN.rexx (text/plain) in SBGOLOB.CBT509.FILE312, moved to PDS/MGEN
2025-04-04 07:43:11.506491 - Found NETRC.rexx (text/plain) in SBGOLOB.CBT509.FILE312, moved to PDS/NETRC
2025-04-04 07:43:11.506613 - Found OMVSCMD.rexx (text/plain) in SBGOLOB.CBT509.FILE312, moved to PDS/OMVSCMD
2025-04-04 07:43:11.506742 - Found OMVSCMDS.rexx (text/plain) in SBGOLOB.CBT509.FILE312, moved to PDS/OMVSCMDS
2025-04-04 07:43:11.506923 - Found OMVSCOPY.xmi (application/xmit) in SBGOLOB.CBT509.FILE312, moved to PDS/OMVSCOPY.xmi
2025-04-04 07:43:11.566491 - Received T311LBD.OMVSCOPY.PDS from OMVSCOPY.xmi 
2025-04-04 07:43:11.567016 - Found $DOC.txt (text/plain) in T311LBD.OMVSCOPY.PDS, moved to OMVSCOPY/$DOC
2025-04-04 07:43:11.567153 - Found OCOPYO.jcl (text/plain) in T311LBD.OMVSCOPY.PDS, moved to OMVSCOPY/OCOPYO
2025-04-04 07:43:11.567281 - Found OCOPYZ.jcl (text/plain) in T311LBD.OMVSCOPY.PDS, moved to OMVSCOPY/OCOPYZ
2025-04-04 07:43:11.567428 - Found OMVSCOPY.rexx (text/plain) in T311LBD.OMVSCOPY.PDS, moved to OMVSCOPY/OMVSCOPY
2025-04-04 07:43:11.567831 - Found OMVSLOG.xmi (application/xmit) in SBGOLOB.CBT509.FILE312, moved to PDS/OMVSLOG.xmi
2025-04-04 07:43:11.592032 - Received T311LBD.OMVSLOG.PDS from OMVSLOG.xmi 
2025-04-04 07:43:11.592505 - Found $DOC.txt (text/plain) in T311LBD.OMVSLOG.PDS, moved to OMVSLOG/$DOC
2025-04-04 07:43:11.592639 - Found $RECV.rexx (text/plain) in T311LBD.OMVSLOG.PDS, moved to OMVSLOG/$RECV
2025-04-04 07:43:11.592786 - Found EXEC.xmi (application/xmit) in T311LBD.OMVSLOG.PDS, moved to OMVSLOG/EXEC.xmi
2025-04-04 07:43:11.612435 - Received T311LBD.OMVSLOG.EXEC from EXEC.xmi 
2025-04-04 07:43:11.613039 - Found OMVSLOG.rexx (text/plain) in T311LBD.OMVSLOG.EXEC, moved to OMVSLOG/EXEC/OMVSLOG
2025-04-04 07:43:11.613371 - Found PANELS.xmi (application/xmit) in T311LBD.OMVSLOG.PDS, moved to OMVSLOG/PANELS.xmi
2025-04-04 07:43:11.631470 - Received T311LBD.OMVSLOG.PANELS from PANELS.xmi 
2025-04-04 07:43:11.631892 - Found OMVSLOG.txt (text/plain) in T311LBD.OMVSLOG.PANELS, moved to OMVSLOG/PANELS/OMVSLOG
2025-04-04 07:43:11.632028 - Found OMVSLOGH.txt (text/plain) in T311LBD.OMVSLOG.PANELS, moved to OMVSLOG/PANELS/OMVSLOGH
2025-04-04 07:43:11.632561 - Found OMVSMAN.bin (application/octet-stream) in SBGOLOB.CBT509.FILE312, moved to PDS/OMVSMAN
2025-04-04 07:43:11.632698 - Found OMVSPAX.xmi (application/xmit) in SBGOLOB.CBT509.FILE312, moved to PDS/OMVSPAX.xmi
2025-04-04 07:43:11.681336 - Received SLBD.OMVSPAX.PDS from OMVSPAX.xmi 
2025-04-04 07:43:11.681862 - Found $DOC.txt (text/plain) in SLBD.OMVSPAX.PDS, moved to OMVSPAX/$DOC
2025-04-04 07:43:11.682002 - Found $RECV.rexx (text/plain) in SLBD.OMVSPAX.PDS, moved to OMVSPAX/$RECV
2025-04-04 07:43:11.682142 - Found EXEC.xmi (application/xmit) in SLBD.OMVSPAX.PDS, moved to OMVSPAX/EXEC.xmi
2025-04-04 07:43:11.734530 - Received SLBD.OMVSPAX.EXEC from EXEC.xmi 
2025-04-04 07:43:11.735087 - Found OMVSPAX.rexx (text/plain) in SLBD.OMVSPAX.EXEC, moved to OMVSPAX/EXEC/OMVSPAX
2025-04-04 07:43:11.735217 - Found OMVSPAXB.rexx (text/plain) in SLBD.OMVSPAX.EXEC, moved to OMVSPAX/EXEC/OMVSPAXB
2025-04-04 07:43:11.735334 - Found OMVSPAXL.rexx (text/plain) in SLBD.OMVSPAX.EXEC, moved to OMVSPAX/EXEC/OMVSPAXL
2025-04-04 07:43:11.735468 - Found OMVSPAXR.rexx (text/plain) in SLBD.OMVSPAX.EXEC, moved to OMVSPAX/EXEC/OMVSPAXR
2025-04-04 07:43:11.735853 - Found LICENSE.txt (text/plain) in SLBD.OMVSPAX.PDS, moved to OMVSPAX/LICENSE
2025-04-04 07:43:11.736000 - Found PANELS.xmi (application/xmit) in SLBD.OMVSPAX.PDS, moved to OMVSPAX/PANELS.xmi
2025-04-04 07:43:11.776288 - Received SLBD.OMVSPAX.PANELS from PANELS.xmi 
2025-04-04 07:43:11.776803 - Found OMVSPAX.txt (text/plain) in SLBD.OMVSPAX.PANELS, moved to OMVSPAX/PANELS/OMVSPAX
2025-04-04 07:43:11.776947 - Found OMVSPAXB.txt (text/plain) in SLBD.OMVSPAX.PANELS, moved to OMVSPAX/PANELS/OMVSPAXB
2025-04-04 07:43:11.777075 - Found OMVSPAXL.txt (text/plain) in SLBD.OMVSPAX.PANELS, moved to OMVSPAX/PANELS/OMVSPAXL
2025-04-04 07:43:11.777201 - Found OMVSPAXP.txt (text/plain) in SLBD.OMVSPAX.PANELS, moved to OMVSPAX/PANELS/OMVSPAXP
2025-04-04 07:43:11.777314 - Found OMVSPAXR.txt (text/plain) in SLBD.OMVSPAX.PANELS, moved to OMVSPAX/PANELS/OMVSPAXR
2025-04-04 07:43:11.778146 - Found OMVSSEL.rexx (text/plain) in SBGOLOB.CBT509.FILE312, moved to PDS/OMVSSEL
2025-04-04 07:43:11.778274 - Found OMVSTRY.rexx (text/plain) in SBGOLOB.CBT509.FILE312, moved to PDS/OMVSTRY
2025-04-04 07:43:11.778411 - Found ONCALL.xmi (application/xmit) in SBGOLOB.CBT509.FILE312, moved to PDS/ONCALL.xmi
2025-04-04 07:43:11.810046 - Received SYSLBD.ONCALL.PDS from ONCALL.xmi 
2025-04-04 07:43:11.810540 - Found $DOC.txt (text/plain) in SYSLBD.ONCALL.PDS, moved to ONCALL/$DOC
2025-04-04 07:43:11.810690 - Found EXEC.xmi (application/xmit) in SYSLBD.ONCALL.PDS, moved to ONCALL/EXEC.xmi
2025-04-04 07:43:11.832094 - Received SYSLBD.ONCALL.EXEC from EXEC.xmi 
2025-04-04 07:43:11.832513 - Found ONCALL.rexx (text/plain) in SYSLBD.ONCALL.EXEC, moved to ONCALL/EXEC/ONCALL
2025-04-04 07:43:11.832826 - Found ONCALL.rexx (text/plain) in SYSLBD.ONCALL.PDS, moved to ONCALL/ONCALL
2025-04-04 07:43:11.832990 - Found PANELS.xmi (application/xmit) in SYSLBD.ONCALL.PDS, moved to ONCALL/PANELS.xmi
2025-04-04 07:43:11.854320 - Received SYSLBD.LIONEL.PANELS from PANELS.xmi 
2025-04-04 07:43:11.854746 - Found ONCALL.txt (text/plain) in SYSLBD.LIONEL.PANELS, moved to ONCALL/PANELS/ONCALL
2025-04-04 07:43:11.854878 - Found ONCALL0.txt (text/plain) in SYSLBD.LIONEL.PANELS, moved to ONCALL/PANELS/ONCALL0
2025-04-04 07:43:11.855204 - Found RECEIVE.rexx (text/plain) in SYSLBD.ONCALL.PDS, moved to ONCALL/RECEIVE
2025-04-04 07:43:11.855753 - Found ONCALL#.txt (text/plain) in SBGOLOB.CBT509.FILE312, moved to PDS/ONCALL#
2025-04-04 07:43:11.855876 - Found ONLY.rexx (text/plain) in SBGOLOB.CBT509.FILE312, moved to PDS/ONLY
2025-04-04 07:43:11.856007 - Found PACK.xmi (application/xmit) in SBGOLOB.CBT509.FILE312, moved to PDS/PACK.xmi
2025-04-04 07:43:11.877952 - Received T311LBD.PACK.PDS from PACK.xmi 
2025-04-04 07:43:11.878385 - Found $DOC.txt (text/plain) in T311LBD.PACK.PDS, moved to PACK/$DOC
2025-04-04 07:43:11.878524 - Found $RECEIVE.rexx (text/plain) in T311LBD.PACK.PDS, moved to PACK/$RECEIVE
2025-04-04 07:43:11.878661 - Found EXEC.xmi (application/xmit) in T311LBD.PACK.PDS, moved to PACK/EXEC.xmi
2025-04-04 07:43:11.915594 - Received T311LBD.PACK.EXEC from EXEC.xmi 
2025-04-04 07:43:11.916039 - Found PACKDS.rexx (text/plain) in T311LBD.PACK.EXEC, moved to PACK/EXEC/PACKDS
2025-04-04 07:43:11.916172 - Found UNPACKDS.rexx (text/plain) in T311LBD.PACK.EXEC, moved to PACK/EXEC/UNPACKDS
2025-04-04 07:43:11.916533 - Found PANELS.xmi (application/xmit) in T311LBD.PACK.PDS, moved to PACK/PANELS.xmi
2025-04-04 07:43:11.938084 - Received T311LBD.PACK.PANELS from PANELS.xmi 
2025-04-04 07:43:11.938495 - Found PACKDS.txt (text/plain) in T311LBD.PACK.PANELS, moved to PACK/PANELS/PACKDS
2025-04-04 07:43:11.938634 - Found UNPACKDS.txt (text/plain) in T311LBD.PACK.PANELS, moved to PACK/PANELS/UNPACKDS
2025-04-04 07:43:11.939177 - Found PDS2PDSE.rexx (text/plain) in SBGOLOB.CBT509.FILE312, moved to PDS/PDS2PDSE
2025-04-04 07:43:11.939304 - Found PDS2SEQ.rexx (text/plain) in SBGOLOB.CBT509.FILE312, moved to PDS/PDS2SEQ
2025-04-04 07:43:11.939427 - Found PDS2SEQ$.txt (text/plain) in SBGOLOB.CBT509.FILE312, moved to PDS/PDS2SEQ$
2025-04-04 07:43:11.939871 - Found PLPISPF.xmi (application/xmit) in SBGOLOB.CBT509.FILE312, moved to PDS/PLPISPF.xmi
2025-04-04 07:43:12.007504 - Received SLBD.PLP.PDS from PLPISPF.xmi 
2025-04-04 07:43:12.008035 - Found $DOC.txt (text/plain) in SLBD.PLP.PDS, moved to PLPISPF/$DOC
2025-04-04 07:43:12.008168 - Found $RECEIVE.rexx (text/plain) in SLBD.PLP.PDS, moved to PLPISPF/$RECEIVE
2025-04-04 07:43:12.008300 - Found CHANGES.txt (text/plain) in SLBD.PLP.PDS, moved to PLPISPF/CHANGES
2025-04-04 07:43:12.008689 - Found EXEC.xmi (application/xmit) in SLBD.PLP.PDS, moved to PLPISPF/EXEC.xmi
2025-04-04 07:43:12.062572 - Received SLBD.PLP.EXEC from EXEC.xmi 
2025-04-04 07:43:12.063069 - Found PLPEDM.rexx (text/plain) in SLBD.PLP.EXEC, moved to PLPISPF/EXEC/PLPEDM
2025-04-04 07:43:12.063207 - Found PLPENTRY.rexx (text/plain) in SLBD.PLP.EXEC, moved to PLPISPF/EXEC/PLPENTRY
2025-04-04 07:43:12.063399 - Found PLPISPF.rexx (text/plain) in SLBD.PLP.EXEC, moved to PLPISPF/EXEC/PLPISPF
2025-04-04 07:43:12.064790 - Found PANELS.xmi (application/xmit) in SLBD.PLP.PDS, moved to PLPISPF/PANELS.xmi
2025-04-04 07:43:12.310543 - Received SLBD.PLP.PANELS from PANELS.xmi 
2025-04-04 07:43:12.311690 - Found PLPADM.txt (text/plain) in SLBD.PLP.PANELS, moved to PLPISPF/PANELS/PLPADM
2025-04-04 07:43:12.311839 - Found PLPADMA.txt (text/plain) in SLBD.PLP.PANELS, moved to PLPISPF/PANELS/PLPADMA
2025-04-04 07:43:12.311974 - Found PLPADMDB.txt (text/plain) in SLBD.PLP.PANELS, moved to PLPISPF/PANELS/PLPADMDB
2025-04-04 07:43:12.312102 - Found PLPADMDD.txt (text/plain) in SLBD.PLP.PANELS, moved to PLPISPF/PANELS/PLPADMDD
2025-04-04 07:43:12.312224 - Found PLPADME.txt (text/plain) in SLBD.PLP.PANELS, moved to PLPISPF/PANELS/PLPADME
2025-04-04 07:43:12.312340 - Found PLPADMEU.txt (text/plain) in SLBD.PLP.PANELS, moved to PLPISPF/PANELS/PLPADMEU
2025-04-04 07:43:12.312459 - Found PLPADMM.txt (text/plain) in SLBD.PLP.PANELS, moved to PLPISPF/PANELS/PLPADMM
2025-04-04 07:43:12.312576 - Found PLPADMU.txt (text/plain) in SLBD.PLP.PANELS, moved to PLPISPF/PANELS/PLPADMU
2025-04-04 07:43:12.312695 - Found PLPBR.txt (text/plain) in SLBD.PLP.PANELS, moved to PLPISPF/PANELS/PLPBR
2025-04-04 07:43:12.312819 - Found PLPDSPE.txt (text/plain) in SLBD.PLP.PANELS, moved to PLPISPF/PANELS/PLPDSPE
2025-04-04 07:43:12.312940 - Found PLPDSPEU.txt (text/plain) in SLBD.PLP.PANELS, moved to PLPISPF/PANELS/PLPDSPEU
2025-04-04 07:43:12.313058 - Found PLPDSPM.txt (text/plain) in SLBD.PLP.PANELS, moved to PLPISPF/PANELS/PLPDSPM
2025-04-04 07:43:12.313174 - Found PLPGPOP.txt (text/plain) in SLBD.PLP.PANELS, moved to PLPISPF/PANELS/PLPGPOP
2025-04-04 07:43:12.313302 - Found PLPHL.txt (text/plain) in SLBD.PLP.PANELS, moved to PLPISPF/PANELS/PLPHL
2025-04-04 07:43:12.313426 - Found PLPHP0.txt (text/plain) in SLBD.PLP.PANELS, moved to PLPISPF/PANELS/PLPHP0
2025-04-04 07:43:12.313540 - Found PLPH0.txt (text/plain) in SLBD.PLP.PANELS, moved to PLPISPF/PANELS/PLPH0
2025-04-04 07:43:12.313658 - Found PLPLIST.txt (text/plain) in SLBD.PLP.PANELS, moved to PLPISPF/PANELS/PLPLIST
2025-04-04 07:43:12.313789 - Found PLPMHA.txt (text/plain) in SLBD.PLP.PANELS, moved to PLPISPF/PANELS/PLPMHA
2025-04-04 07:43:12.313918 - Found PLPMHD.txt (text/plain) in SLBD.PLP.PANELS, moved to PLPISPF/PANELS/PLPMHD
2025-04-04 07:43:12.314032 - Found PLPMHM.txt (text/plain) in SLBD.PLP.PANELS, moved to PLPISPF/PANELS/PLPMHM
2025-04-04 07:43:12.314152 - Found PLPMH0.txt (text/plain) in SLBD.PLP.PANELS, moved to PLPISPF/PANELS/PLPMH0
2025-04-04 07:43:12.314270 - Found PLPMH0U.txt (text/plain) in SLBD.PLP.PANELS, moved to PLPISPF/PANELS/PLPMH0U
2025-04-04 07:43:12.314417 - Found PLPMH1.txt (text/plain) in SLBD.PLP.PANELS, moved to PLPISPF/PANELS/PLPMH1
2025-04-04 07:43:12.314527 - Found PLPMH2.txt (text/plain) in SLBD.PLP.PANELS, moved to PLPISPF/PANELS/PLPMH2
2025-04-04 07:43:12.314636 - Found PLPNOGO.txt (text/plain) in SLBD.PLP.PANELS, moved to PLPISPF/PANELS/PLPNOGO
2025-04-04 07:43:12.314759 - Found PLPPRMPT.txt (text/plain) in SLBD.PLP.PANELS, moved to PLPISPF/PANELS/PLPPRMPT
2025-04-04 07:43:12.315832 - Found PLPFAQ.txt (text/plain) in SLBD.PLP.PDS, moved to PLPISPF/PLPFAQ
2025-04-04 07:43:12.316218 - Found PLPISPF$.txt (text/plain) in SBGOLOB.CBT509.FILE312, moved to PDS/PLPISPF$
2025-04-04 07:43:12.316412 - Found PLPISPF#.pdf (application/pdf) in SBGOLOB.CBT509.FILE312, moved to docs/PLPISPF#.pdf
2025-04-04 07:43:12.316548 - Found PLPISPF@.doc (application/msword) in SBGOLOB.CBT509.FILE312, moved to docs/PLPISPF@.doc
2025-04-04 07:43:12.316667 - Found PNS.txt (text/plain) in SBGOLOB.CBT509.FILE312, moved to PDS/PNS
2025-04-04 07:43:12.316837 - Found PRMCK.xmi (application/xmit) in SBGOLOB.CBT509.FILE312, moved to PDS/PRMCK.xmi
2025-04-04 07:43:12.385766 - Received LBDYCK.PRMCK.PDS from PRMCK.xmi 
2025-04-04 07:43:12.386315 - Found $DOC.txt (text/plain) in LBDYCK.PRMCK.PDS, moved to PRMCK/$DOC
2025-04-04 07:43:12.386458 - Found BATJCL.jcl (text/plain) in LBDYCK.PRMCK.PDS, moved to PRMCK/BATJCL
2025-04-04 07:43:12.386605 - Found PRMCK.rexx (text/plain) in LBDYCK.PRMCK.PDS, moved to PRMCK/PRMCK
2025-04-04 07:43:12.386738 - Found PRMCKBAT.rexx (text/plain) in LBDYCK.PRMCK.PDS, moved to PRMCK/PRMCKBAT
2025-04-04 07:43:12.387182 - Found PRMCK$.txt (text/plain) in SBGOLOB.CBT509.FILE312, moved to PDS/PRMCK$
2025-04-04 07:43:12.387307 - Found PRMCK#.txt (text/plain) in SBGOLOB.CBT509.FILE312, moved to PDS/PRMCK#
2025-04-04 07:43:12.387445 - Found PSPRINT.xmi (application/xmit) in SBGOLOB.CBT509.FILE312, moved to PDS/PSPRINT.xmi
2025-04-04 07:43:12.430863 - Received SBGOLOB.FILE312.PSPRINT from PSPRINT.xmi 
2025-04-04 07:43:12.431364 - Found $DOC.txt (text/plain) in SBGOLOB.FILE312.PSPRINT, moved to PSPRINT/$DOC
2025-04-04 07:43:12.431514 - Found EXEC.txt (text/plain) in SBGOLOB.FILE312.PSPRINT, moved to PSPRINT/EXEC
2025-04-04 07:43:12.431640 - Found MSGS.txt (text/plain) in SBGOLOB.FILE312.PSPRINT, moved to PSPRINT/MSGS
2025-04-04 07:43:12.431780 - Found PANELS.txt (text/plain) in SBGOLOB.FILE312.PSPRINT, moved to PSPRINT/PANELS
2025-04-04 07:43:12.432167 - Found PSPRINTO.txt (text/plain) in SBGOLOB.CBT509.FILE312, moved to PDS/PSPRINTO
2025-04-04 07:43:12.432300 - Found QTAB.rexx (text/plain) in SBGOLOB.CBT509.FILE312, moved to PDS/QTAB
2025-04-04 07:43:12.432435 - Found RANDSTR.rexx (text/plain) in SBGOLOB.CBT509.FILE312, moved to PDS/RANDSTR
2025-04-04 07:43:12.432550 - Found RELPDSE.rexx (text/plain) in SBGOLOB.CBT509.FILE312, moved to PDS/RELPDSE
2025-04-04 07:43:12.432663 - Found REXXDOC.xmi (application/xmit) in SBGOLOB.CBT509.FILE312, moved to PDS/REXXDOC.xmi
2025-04-04 07:43:12.472892 - Received SYSLBD.REXXDOC.PDS from REXXDOC.xmi 
2025-04-04 07:43:12.473437 - Found $DOC.txt (text/plain) in SYSLBD.REXXDOC.PDS, moved to REXXDOC/$DOC
2025-04-04 07:43:12.473580 - Found $INSTALL.txt (text/plain) in SYSLBD.REXXDOC.PDS, moved to REXXDOC/$INSTALL
2025-04-04 07:43:12.473711 - Found EXEC.rexx (text/plain) in SYSLBD.REXXDOC.PDS, moved to REXXDOC/EXEC
2025-04-04 07:43:12.473834 - Found PANEL.txt (text/plain) in SYSLBD.REXXDOC.PDS, moved to REXXDOC/PANEL
2025-04-04 07:43:12.474225 - Found REXXER.rexx (text/plain) in SBGOLOB.CBT509.FILE312, moved to PDS/REXXER
2025-04-04 07:43:12.474372 - Found REXXFORM.xmi (application/xmit) in SBGOLOB.CBT509.FILE312, moved to PDS/REXXFORM.xmi
2025-04-04 07:43:12.530701 - Received T311LBD.REXXFORM.PDS from REXXFORM.xmi 
2025-04-04 07:43:12.531229 - Found $README.txt (text/plain) in T311LBD.REXXFORM.PDS, moved to REXXFORM/$README
2025-04-04 07:43:12.531357 - Found #RXFM.txt (text/plain) in T311LBD.REXXFORM.PDS, moved to REXXFORM/#RXFM
2025-04-04 07:43:12.531481 - Found #RXFM1.txt (text/plain) in T311LBD.REXXFORM.PDS, moved to REXXFORM/#RXFM1
2025-04-04 07:43:12.531604 - Found HELP.txt (text/plain) in T311LBD.REXXFORM.PDS, moved to REXXFORM/HELP
2025-04-04 07:43:12.531723 - Found REXXFORM.rexx (text/plain) in T311LBD.REXXFORM.PDS, moved to REXXFORM/REXXFORM
2025-04-04 07:43:12.532152 - Found REXXTRY.rexx (text/plain) in SBGOLOB.CBT509.FILE312, moved to PDS/REXXTRY
2025-04-04 07:43:12.532286 - Found REXXTRY$.txt (text/plain) in SBGOLOB.CBT509.FILE312, moved to PDS/REXXTRY$
2025-04-04 07:43:12.532398 - Found REXXTRY#.txt (text/plain) in SBGOLOB.CBT509.FILE312, moved to PDS/REXXTRY#
2025-04-04 07:43:12.532510 - Found REXXTRY@.txt (text/plain) in SBGOLOB.CBT509.FILE312, moved to PDS/REXXTRY@
2025-04-04 07:43:12.532624 - Found REXXTRYA.txt (text/plain) in SBGOLOB.CBT509.FILE312, moved to PDS/REXXTRYA
2025-04-04 07:43:12.532746 - Found REXXWAIT.txt (text/plain) in SBGOLOB.CBT509.FILE312, moved to PDS/REXXWAIT
2025-04-04 07:43:12.533013 - Found RUNC.xmi (application/xmit) in SBGOLOB.CBT509.FILE312, moved to PDS/RUNC.xmi
2025-04-04 07:43:12.699907 - Received SLBD.RUNC.PDS from RUNC.xmi 
2025-04-04 07:43:12.700775 - Found $DOC.txt (text/plain) in SLBD.RUNC.PDS, moved to RUNC/$DOC
2025-04-04 07:43:12.700909 - Found $ERCDOC.txt (text/plain) in SLBD.RUNC.PDS, moved to RUNC/$ERCDOC
2025-04-04 07:43:12.701028 - Found $RUNCLOG.txt (text/plain) in SLBD.RUNC.PDS, moved to RUNC/$RUNCLOG
2025-04-04 07:43:12.701165 - Found $USERDOC.txt (text/plain) in SLBD.RUNC.PDS, moved to RUNC/$USERDOC
2025-04-04 07:43:12.701537 - Found ASM.xmi (application/xmit) in SLBD.RUNC.PDS, moved to RUNC/ASM.xmi
2025-04-04 07:43:12.752336 - Received SLBD.RUNC.ASM from ASM.xmi 
2025-04-04 07:43:12.752824 - Found EKKO.txt (text/plain) in SLBD.RUNC.ASM, moved to RUNC/ASM/EKKO
2025-04-04 07:43:12.752968 - Found EKKO$.jcl (text/plain) in SLBD.RUNC.ASM, moved to RUNC/ASM/EKKO$
2025-04-04 07:43:12.753361 - Found STEMEDIT.jcl (text/plain) in SLBD.RUNC.ASM, moved to RUNC/ASM/STEMEDIT
2025-04-04 07:43:12.753797 - Found EKKO.txt (text/plain) in SLBD.RUNC.PDS, moved to RUNC/EKKO
2025-04-04 07:43:12.753935 - Found EKKO$.jcl (text/plain) in SLBD.RUNC.PDS, moved to RUNC/EKKO$
2025-04-04 07:43:12.754055 - Found EKKOH.txt (text/plain) in SLBD.RUNC.PDS, moved to RUNC/EKKOH
2025-04-04 07:43:12.754177 - Found ERC.rexx (text/plain) in SLBD.RUNC.PDS, moved to RUNC/ERC
2025-04-04 07:43:12.754336 - Found EXEC.xmi (application/xmit) in SLBD.RUNC.PDS, moved to RUNC/EXEC.xmi
2025-04-04 07:43:12.819018 - Received SLBD.RUNC.EXEC from EXEC.xmi 
2025-04-04 07:43:12.819513 - Found ERC.rexx (text/plain) in SLBD.RUNC.EXEC, moved to RUNC/EXEC/ERC
2025-04-04 07:43:12.819666 - Found RUNC.rexx (text/plain) in SLBD.RUNC.EXEC, moved to RUNC/EXEC/RUNC
2025-04-04 07:43:12.819792 - Found RUNCLOG.rexx (text/plain) in SLBD.RUNC.EXEC, moved to RUNC/EXEC/RUNCLOG
2025-04-04 07:43:12.819916 - Found RUNCPUTL.rexx (text/plain) in SLBD.RUNC.EXEC, moved to RUNC/EXEC/RUNCPUTL
2025-04-04 07:43:12.820281 - Found JUST4FUN.txt (text/plain) in SLBD.RUNC.PDS, moved to RUNC/JUST4FUN
2025-04-04 07:43:12.820425 - Found LICENSE.txt (text/plain) in SLBD.RUNC.PDS, moved to RUNC/LICENSE
2025-04-04 07:43:12.820542 - Found LOAD.xmi (application/xmit) in SLBD.RUNC.PDS, moved to RUNC/LOAD.xmi
2025-04-04 07:43:12.826011 - Received SLBD.RUNC.LOAD from LOAD.xmi 
2025-04-04 07:43:12.826371 - Found EKKO.bin (application/octet-stream) in SLBD.RUNC.LOAD, moved to RUNC/LOAD/EKKO
2025-04-04 07:43:12.826426 - Found alias STEMDISP to STEMEDIT in SLBD.RUNC.LOAD, moved to PDS/STEMDISP
2025-04-04 07:43:12.826543 - Found STEMEDIT.bin (application/octet-stream) in SLBD.RUNC.LOAD, moved to RUNC/LOAD/STEMEDIT
2025-04-04 07:43:12.826590 - Found alias STEMVIEW to STEMEDIT in SLBD.RUNC.LOAD, moved to PDS/STEMVIEW
2025-04-04 07:43:12.826932 - Found PANELS.xmi (application/xmit) in SLBD.RUNC.PDS, moved to RUNC/PANELS.xmi
2025-04-04 07:43:12.978095 - Received SLBD.RUNC.PANELS from PANELS.xmi 
2025-04-04 07:43:12.979017 - Found #ERC.txt (text/plain) in SLBD.RUNC.PANELS, moved to RUNC/PANELS/#ERC
2025-04-04 07:43:12.979163 - Found #RUNC.txt (text/plain) in SLBD.RUNC.PANELS, moved to RUNC/PANELS/#RUNC
2025-04-04 07:43:12.979285 - Found #RUNCSET.txt (text/plain) in SLBD.RUNC.PANELS, moved to RUNC/PANELS/#RUNCSET
2025-04-04 07:43:12.979411 - Found #RUNC1.txt (text/plain) in SLBD.RUNC.PANELS, moved to RUNC/PANELS/#RUNC1
2025-04-04 07:43:12.979522 - Found #RUNC2.txt (text/plain) in SLBD.RUNC.PANELS, moved to RUNC/PANELS/#RUNC2
2025-04-04 07:43:12.979637 - Found #RUNC2A.txt (text/plain) in SLBD.RUNC.PANELS, moved to RUNC/PANELS/#RUNC2A
2025-04-04 07:43:12.979752 - Found #RUNC2B.txt (text/plain) in SLBD.RUNC.PANELS, moved to RUNC/PANELS/#RUNC2B
2025-04-04 07:43:12.979874 - Found #RUNC3.txt (text/plain) in SLBD.RUNC.PANELS, moved to RUNC/PANELS/#RUNC3
2025-04-04 07:43:12.979982 - Found #RUNC3A.txt (text/plain) in SLBD.RUNC.PANELS, moved to RUNC/PANELS/#RUNC3A
2025-04-04 07:43:12.980096 - Found #RUNC3B.txt (text/plain) in SLBD.RUNC.PANELS, moved to RUNC/PANELS/#RUNC3B
2025-04-04 07:43:12.980422 - Found #RUNC4.txt (text/plain) in SLBD.RUNC.PANELS, moved to RUNC/PANELS/#RUNC4
2025-04-04 07:43:12.980540 - Found #RUNC5.txt (text/plain) in SLBD.RUNC.PANELS, moved to RUNC/PANELS/#RUNC5
2025-04-04 07:43:12.980661 - Found #RUNC6.txt (text/plain) in SLBD.RUNC.PANELS, moved to RUNC/PANELS/#RUNC6
2025-04-04 07:43:12.980768 - Found #RUNC7.txt (text/plain) in SLBD.RUNC.PANELS, moved to RUNC/PANELS/#RUNC7
2025-04-04 07:43:12.980895 - Found #RUNC8.txt (text/plain) in SLBD.RUNC.PANELS, moved to RUNC/PANELS/#RUNC8
2025-04-04 07:43:12.981028 - Found #RUNC9.txt (text/plain) in SLBD.RUNC.PANELS, moved to RUNC/PANELS/#RUNC9
2025-04-04 07:43:12.981160 - Found ERCPRMPT.txt (text/plain) in SLBD.RUNC.PANELS, moved to RUNC/PANELS/ERCPRMPT
2025-04-04 07:43:12.981283 - Found RUNCDOCT.txt (text/plain) in SLBD.RUNC.PANELS, moved to RUNC/PANELS/RUNCDOCT
2025-04-04 07:43:12.981397 - Found RUNCSET.txt (text/plain) in SLBD.RUNC.PANELS, moved to RUNC/PANELS/RUNCSET
2025-04-04 07:43:12.982186 - Found RUNCFIX.rexx (text/plain) in SLBD.RUNC.PDS, moved to RUNC/RUNCFIX
2025-04-04 07:43:12.982319 - Found SAMPLES.xmi (application/xmit) in SLBD.RUNC.PDS, moved to RUNC/SAMPLES.xmi
2025-04-04 07:43:13.091745 - Received SLBD.RUNC.SAMPLES.PDS from SAMPLES.xmi 
2025-04-04 07:43:13.092468 - Found $USERDOC.txt (text/plain) in SLBD.RUNC.SAMPLES.PDS, moved to RUNC/SAMPLES/$USERDOC
2025-04-04 07:43:13.092612 - Found SAMPDOC.txt (text/plain) in SLBD.RUNC.SAMPLES.PDS, moved to RUNC/SAMPLES/SAMPDOC
2025-04-04 07:43:13.092738 - Found SAMPEDIT.jcl (text/plain) in SLBD.RUNC.SAMPLES.PDS, moved to RUNC/SAMPLES/SAMPEDIT
2025-04-04 07:43:13.092862 - Found SAMPEMAC.txt (text/plain) in SLBD.RUNC.SAMPLES.PDS, moved to RUNC/SAMPLES/SAMPEMAC
2025-04-04 07:43:13.092975 - Found SAMPISPF.txt (text/plain) in SLBD.RUNC.SAMPLES.PDS, moved to RUNC/SAMPLES/SAMPISPF
2025-04-04 07:43:13.093086 - Found SAMPJES2.txt (text/plain) in SLBD.RUNC.SAMPLES.PDS, moved to RUNC/SAMPLES/SAMPJES2
2025-04-04 07:43:13.093202 - Found SAMPJES3.txt (text/plain) in SLBD.RUNC.SAMPLES.PDS, moved to RUNC/SAMPLES/SAMPJES3
2025-04-04 07:43:13.093325 - Found SAMPOMVS.txt (text/plain) in SLBD.RUNC.SAMPLES.PDS, moved to RUNC/SAMPLES/SAMPOMVS
2025-04-04 07:43:13.093436 - Found SAMPTSO.txt (text/plain) in SLBD.RUNC.SAMPLES.PDS, moved to RUNC/SAMPLES/SAMPTSO
2025-04-04 07:43:13.093554 - Found SAMPZOS.txt (text/plain) in SLBD.RUNC.SAMPLES.PDS, moved to RUNC/SAMPLES/SAMPZOS
2025-04-04 07:43:13.093672 - Found TESTCMD.rexx (text/plain) in SLBD.RUNC.SAMPLES.PDS, moved to RUNC/SAMPLES/TESTCMD
2025-04-04 07:43:13.094243 - Found TESTRUNC.rexx (text/plain) in SLBD.RUNC.PDS, moved to RUNC/TESTRUNC
2025-04-04 07:43:13.095610 - Found RUNCPP.pptx (application/vnd.openxmlformats-officedocument.presentationml.presentation) in SBGOLOB.CBT509.FILE312, moved to docs/RUNCPP.pptx
